Log file open, 04/10/26 14:24:49
LogWindows: Failed to load 'aqProf.dll' (GetLastError=126)
LogWindows: File 'aqProf.dll' does not exist
LogWindows: Failed to load 'VtuneApi.dll' (GetLastError=126)
LogWindows: File 'VtuneApi.dll' does not exist
LogWindows: Failed to load 'VtuneApi32e.dll' (GetLastError=126)
LogWindows: File 'VtuneApi32e.dll' does not exist
LogConsoleResponse: Display: Failed to find resolution value strings in scalability ini. Falling back to default.
LogConsoleResponse: Display: Failed to find resolution value strings in scalability ini. Falling back to default.
LogPakFile: Display: Found Pak file ../../../try2/Content/Paks/try2-WindowsNoEditor.pak attempting to mount.
LogPakFile: Display: Mounting pak file ../../../try2/Content/Paks/try2-WindowsNoEditor.pak.
LogPakFile: PakFile PrimaryIndexSize=39982
LogPakFile: PakFile PathHashIndexSize=54780
LogPakFile: PakFile FullDirectoryIndexSize=74604
LogShaderLibrary: Display: ShaderCodeLibraryPakFileMountedCallback: PakFile '../../../try2/Content/Paks/try2-WindowsNoEditor.pak' (chunk index -1, root '../../../') mounted
LogShaderLibrary: Display: ShaderCodeLibraryPakFileMountedCallback: pending pak file info (ChunkID:-1 Root:../../../ File:../../../try2/Content/Paks/try2-WindowsNoEditor.pak)
LogPakFile: OnPakFileMounted2Time == 0.000030
LogPlatformFile: Not using cached read wrapper
LogTaskGraph: Started task graph with 5 named threads and 83 total threads with 3 sets of task threads.
LogStats: Stats thread started at 0.075227
LogICUInternationalization: ICU TimeZone Detection - Raw Offset: +8:00, Platform Override: ''
LogInit: Display: Loading text-based GConfig....
LogPluginManager: Mounting plugin VaRest
LogPluginManager: Mounting plugin VictoryBPLibrary
LogPluginManager: Mounting plugin ApexDestruction
LogPluginManager: Mounting plugin AirSim
LogPluginManager: Mounting plugin PhysXVehicles
LogPluginManager: Mounting plugin NativizedAssets
LogPluginManager: Mounting plugin Paper2D
LogPluginManager: Mounting plugin AISupport
LogPluginManager: Mounting plugin EnvironmentQueryEditor
LogPluginManager: Mounting plugin LightPropagationVolume
LogPluginManager: Mounting plugin CameraShakePreviewer
LogPluginManager: Mounting plugin GameplayCameras
LogPluginManager: Mounting plugin TemplateSequence
LogPluginManager: Mounting plugin LevelSequenceEditor
LogPluginManager: Mounting plugin OodleData
LogPluginManager: Mounting plugin OodleNetwork
LogPluginManager: Mounting plugin AnimationSharing
LogPluginManager: Mounting plugin SignificanceManager
LogPluginManager: Mounting plugin PixWinPlugin
LogPluginManager: Mounting plugin PluginUtils
LogPluginManager: Mounting plugin PropertyAccessEditor
LogPluginManager: Mounting plugin UObjectPlugin
LogPluginManager: Mounting plugin AssetManagerEditor
LogPluginManager: Mounting plugin FacialAnimation
LogPluginManager: Mounting plugin GeometryMode
LogPluginManager: Mounting plugin SpeedTreeImporter
LogPluginManager: Mounting plugin DatasmithContent
LogPluginManager: Mounting plugin VariantManagerContent
LogPluginManager: Mounting plugin AlembicImporter
LogPluginManager: Mounting plugin GeometryCache
LogPluginManager: Mounting plugin AutomationUtils
LogPluginManager: Mounting plugin ScreenshotTools
LogPluginManager: Mounting plugin BackChannel
LogPluginManager: Mounting plugin ChaosClothEditor
LogPluginManager: Mounting plugin ChaosCloth
LogPluginManager: Mounting plugin ChaosEditor
LogPluginManager: Mounting plugin PlanarCut
LogPluginManager: Mounting plugin GeometryProcessing
LogPluginManager: Mounting plugin EditableMesh
LogPluginManager: Mounting plugin GeometryCollectionPlugin
LogPluginManager: Mounting plugin ProceduralMeshComponent
LogPluginManager: Mounting plugin ChaosSolverPlugin
LogPluginManager: Mounting plugin ChaosNiagara
LogPluginManager: Mounting plugin Niagara
LogPluginManager: Mounting plugin PythonScriptPlugin
LogPluginManager: Mounting plugin CharacterAI
LogPluginManager: Mounting plugin MotoSynth
LogPluginManager: Mounting plugin OpenImageDenoise
LogPluginManager: Mounting plugin PlatformCrypto
LogPluginManager: Mounting plugin MagicLeapPassableWorld
LogPluginManager: Mounting plugin MagicLeap
LogPluginManager: Mounting plugin MLSDK
LogPluginManager: Mounting plugin MagicLeapLightEstimation
LogPluginManager: Mounting plugin AvfMedia
LogPluginManager: Mounting plugin ImgMedia
LogPluginManager: Mounting plugin MediaCompositing
LogPluginManager: Mounting plugin WmfMedia
LogPluginManager: Mounting plugin MeshPainting
LogPluginManager: Mounting plugin TcpMessaging
LogPluginManager: Mounting plugin UdpMessaging
LogPluginManager: Mounting plugin ActorSequence
LogPluginManager: Mounting plugin MatineeToLevelSequence
LogPluginManager: Mounting plugin OnlineSubsystemNull
LogPluginManager: Mounting plugin OnlineSubsystem
LogPluginManager: Mounting plugin OnlineSubsystemUtils
LogPluginManager: Mounting plugin LauncherChunkInstaller
LogPluginManager: Mounting plugin ActorLayerUtilities
LogPluginManager: Mounting plugin AndroidPermission
LogPluginManager: Mounting plugin AppleImageUtils
LogPluginManager: Mounting plugin ArchVisCharacter
LogPluginManager: Mounting plugin AssetTags
LogPluginManager: Mounting plugin AudioCapture
LogPluginManager: Mounting plugin CableComponent
LogPluginManager: Mounting plugin ChunkDownloader
LogPluginManager: Mounting plugin CustomMeshComponent
LogPluginManager: Mounting plugin ExampleDeviceProfileSelector
LogPluginManager: Mounting plugin GooglePAD
LogPluginManager: Mounting plugin LocationServicesBPLibrary
LogPluginManager: Mounting plugin MobilePatchingUtils
LogPluginManager: Mounting plugin OculusVR
LogPluginManager: Mounting plugin OpenXREyeTracker
LogPluginManager: Mounting plugin OpenXR
LogPluginManager: Mounting plugin OpenXRHandTracking
LogPluginManager: Mounting plugin LiveLink
LogPluginManager: Mounting plugin Takes
LogPluginManager: Mounting plugin RuntimePhysXCooking
LogPluginManager: Mounting plugin SoundFields
LogPluginManager: Mounting plugin SteamVR
LogPluginManager: Mounting plugin Synthesis
LogPluginManager: Mounting plugin AudioSynesthesia
LogPluginManager: Mounting plugin WebMMoviePlayer
LogPluginManager: Mounting plugin WebMMedia
LogPluginManager: Mounting plugin WindowsMoviePlayer
PixWinPlugin: PIX capture plugin failed to initialize! Check that the process is launched from PIX.
LogLuminAPIImpl: Warning: MLSDK not found.  This likely means the MLSDK environment variable is not set.
LogInit: Using libcurl 7.55.1-DEV
LogInit:  - built for x86_64-pc-win32
LogInit:  - supports SSL with OpenSSL/1.1.1
LogInit:  - supports HTTP deflate (compression) using libz 1.2.8
LogInit:  - other features:
LogInit:      CURL_VERSION_SSL
LogInit:      CURL_VERSION_LIBZ
LogInit:      CURL_VERSION_IPV6
LogInit:      CURL_VERSION_ASYNCHDNS
LogInit:      CURL_VERSION_LARGEFILE
LogInit:      CURL_VERSION_IDN
LogInit:  CurlRequestOptions (configurable via config and command line):
LogInit:  - bVerifyPeer = true  - Libcurl will verify peer certificate
LogInit:  - bUseHttpProxy = false  - Libcurl will NOT use HTTP proxy
LogInit:  - bDontReuseConnections = false  - Libcurl will reuse connections
LogInit:  - MaxHostConnections = 16  - Libcurl will limit the number of connections to a host
LogInit:  - LocalHostAddr = Default
LogInit:  - BufferSize = 65536
LogOnline: OSS: Creating online subsystem instance for: NULL
LogInit: WinSock: version 1.1 (2.2), MaxSocks=32767, MaxUdp=65467
LogOnline: OSS: TryLoadSubsystemAndSetDefault: Loaded subsystem for module [NULL]
LogOculusPluginWrapper: OculusPlugin initialized successfully
LogHMD: Failed initializing OVRPlugin 1.59.0
LogInit: Build: ++UE4+Release-4.27-CL-18319896
LogInit: Engine Version: 4.27.2-18319896+++UE4+Release-4.27
LogInit: Compatible Engine Version: 4.27.0-17155196+++UE4+Release-4.27
LogInit: Net CL: 17155196
LogInit: OS: Windows 10 (Release 2009) (), CPU: Intel(R) Core(TM) i9-14900HX, GPU: Intel(R) UHD Graphics
LogInit: Compiled (64-bit): Nov 30 2021 07:26:28
LogInit: Compiled with Visual C++: 19.16.27032.01
LogInit: Build Configuration: Development
LogInit: Branch Name: ++UE4+Release-4.27
LogInit: Command Line: 
LogInit: Base Directory: d:/anaconda/envs/Shining/shin/widdget_code/WindowsNoEditor/try2/Binaries/Win64/
LogInit: Allocator: binned2
LogInit: Installed Engine Build: 0
LogDevObjectVersion: Number of dev versions registered: 29
LogDevObjectVersion:   Dev-Blueprints (B0D832E4-1F89-4F0D-ACCF-7EB736FD4AA2): 10
LogDevObjectVersion:   Dev-Build (E1C64328-A22C-4D53-A36C-8E866417BD8C): 0
LogDevObjectVersion:   Dev-Core (375EC13C-06E4-48FB-B500-84F0262A717E): 4
LogDevObjectVersion:   Dev-Editor (E4B068ED-F494-42E9-A231-DA0B2E46BB41): 40
LogDevObjectVersion:   Dev-Framework (CFFC743F-43B0-4480-9391-14DF171D2073): 37
LogDevObjectVersion:   Dev-Mobile (B02B49B5-BB20-44E9-A304-32B752E40360): 3
LogDevObjectVersion:   Dev-Networking (A4E4105C-59A1-49B5-A7C5-40C4547EDFEE): 0
LogDevObjectVersion:   Dev-Online (39C831C9-5AE6-47DC-9A44-9C173E1C8E7C): 0
LogDevObjectVersion:   Dev-Physics (78F01B33-EBEA-4F98-B9B4-84EACCB95AA2): 14
LogDevObjectVersion:   Dev-Platform (6631380F-2D4D-43E0-8009-CF276956A95A): 0
LogDevObjectVersion:   Dev-Rendering (12F88B9F-8875-4AFC-A67C-D90C383ABD29): 45
LogDevObjectVersion:   Dev-Sequencer (7B5AE74C-D270-4C10-A958-57980B212A5A): 13
LogDevObjectVersion:   Dev-VR (D7296918-1DD6-4BDD-9DE2-64A83CC13884): 3
LogDevObjectVersion:   Dev-LoadTimes (C2A15278-BFE7-4AFE-6C17-90FF531DF755): 1
LogDevObjectVersion:   Private-Geometry (6EACA3D4-40EC-4CC1-B786-8BED09428FC5): 3
LogDevObjectVersion:   Dev-AnimPhys (29E575DD-E0A3-4627-9D10-D276232CDCEA): 17
LogDevObjectVersion:   Dev-Anim (AF43A65D-7FD3-4947-9873-3E8ED9C1BB05): 15
LogDevObjectVersion:   Dev-ReflectionCapture (6B266CEC-1EC7-4B8F-A30B-E4D90942FC07): 1
LogDevObjectVersion:   Dev-Automation (0DF73D61-A23F-47EA-B727-89E90C41499A): 1
LogDevObjectVersion:   FortniteMain (601D1886-AC64-4F84-AA16-D3DE0DEAC7D6): 47
LogDevObjectVersion:   FortniteRelease (E7086368-6B23-4C58-8439-1B7016265E91): 1
LogDevObjectVersion:   Dev-Enterprise (9DFFBCD6-494F-0158-E221-12823C92A888): 10
LogDevObjectVersion:   Dev-Niagara (F2AED0AC-9AFE-416F-8664-AA7FFA26D6FC): 1
LogDevObjectVersion:   Dev-Destruction (174F1F0B-B4C6-45A5-B13F-2EE8D0FB917D): 10
LogDevObjectVersion:   Dev-Physics-Ext (35F94A83-E258-406C-A318-09F59610247C): 41
LogDevObjectVersion:   Dev-PhysicsMaterial-Chaos (B68FC16E-8B1B-42E2-B453-215C058844FE): 1
LogDevObjectVersion:   Dev-CineCamera (B2E18506-4273-CFC2-A54E-F4BB758BBA07): 1
LogDevObjectVersion:   Dev-VirtualProduction (64F58936-FD1B-42BA-BA96-7289D5D0FA4E): 1
LogDevObjectVersion:   Dev-MediaFramework (6F0ED827-A609-4895-9C91-998D90180EA4): 2
LogLinker: AddRedirectList(../../../try2/Saved/Config/WindowsNoEditor/VaRest.ini) has substring redirect /VaRestPlugin/, these are very slow and should be resolved as soon as possible!
LogInit: Presizing for max 2097152 objects, including 1 objects not considered by GC, pre-allocating 0 bytes for permanent pool.
LogConfig: Applying CVar settings from Section [/Script/Engine.StreamingSettings] File [../../../try2/Saved/Config/WindowsNoEditor/Engine.ini]
LogConfig: Setting CVar [[s.MinBulkDataSizeForAsyncLoading:131072]]
LogConfig: Setting CVar [[s.AsyncLoadingThreadEnabled:0]]
LogConfig: Setting CVar [[s.EventDrivenLoaderEnabled:1]]
LogConfig: Setting CVar [[s.WarnIfTimeLimitExceeded:0]]
LogConfig: Setting CVar [[s.TimeLimitExceededMultiplier:1.5]]
LogConfig: Setting CVar [[s.TimeLimitExceededMinTime:0.005]]
LogConfig: Setting CVar [[s.UseBackgroundLevelStreaming:1]]
LogConfig: Setting CVar [[s.PriorityAsyncLoadingExtraTime:15.0]]
LogConfig: Setting CVar [[s.LevelStreamingActorsUpdateTimeLimit:5.0]]
LogConfig: Setting CVar [[s.PriorityLevelStreamingActorsUpdateExtraTime:5.0]]
LogConfig: Setting CVar [[s.LevelStreamingComponentsRegistrationGranularity:10]]
LogConfig: Setting CVar [[s.UnregisterComponentsTimeLimit:1.0]]
LogConfig: Setting CVar [[s.LevelStreamingComponentsUnregistrationGranularity:5]]
LogConfig: Setting CVar [[s.FlushStreamingOnExit:1]]
LogStreaming: Display: Async Loading initialized: Event Driven Loader: true, Async Loading Thread: false, Async Post Load: true
LogInit: Object subsystem initialized
LogConfig: Setting CVar [[con.DebugEarlyDefault:1]]
LogConfig: Setting CVar [[r.setres:1280x720]]
LogConfig: Setting CVar [[fx.NiagaraAllowRuntimeScalabilityChanges:1]]
[2026.04.10-06.24.49:205][  0]LogConfig: Setting CVar [[con.DebugEarlyDefault:1]]
[2026.04.10-06.24.49:205][  0]LogConfig: Setting CVar [[r.setres:1280x720]]
[2026.04.10-06.24.49:205][  0]LogConfig: Setting CVar [[fx.NiagaraAllowRuntimeScalabilityChanges:1]]
[2026.04.10-06.24.49:205][  0]LogConfig: Applying CVar settings from Section [/Script/Engine.RendererSettings] File [../../../try2/Saved/Config/WindowsNoEditor/Engine.ini]
[2026.04.10-06.24.49:205][  0]LogConfig: Setting CVar [[r.GPUCrashDebugging:0]]
[2026.04.10-06.24.49:205][  0]LogConfig: Applying CVar settings from Section [/Script/Engine.RendererOverrideSettings] File [../../../try2/Saved/Config/WindowsNoEditor/Engine.ini]
[2026.04.10-06.24.49:205][  0]LogConfig: Applying CVar settings from Section [/Script/Engine.StreamingSettings] File [../../../try2/Saved/Config/WindowsNoEditor/Engine.ini]
[2026.04.10-06.24.49:205][  0]LogConfig: Setting CVar [[s.MinBulkDataSizeForAsyncLoading:131072]]
[2026.04.10-06.24.49:205][  0]LogConfig: Setting CVar [[s.AsyncLoadingThreadEnabled:0]]
[2026.04.10-06.24.49:205][  0]LogConfig: Setting CVar [[s.EventDrivenLoaderEnabled:1]]
[2026.04.10-06.24.49:205][  0]LogConfig: Setting CVar [[s.WarnIfTimeLimitExceeded:0]]
[2026.04.10-06.24.49:205][  0]LogConfig: Setting CVar [[s.TimeLimitExceededMultiplier:1.5]]
[2026.04.10-06.24.49:205][  0]LogConfig: Setting CVar [[s.TimeLimitExceededMinTime:0.005]]
[2026.04.10-06.24.49:205][  0]LogConfig: Setting CVar [[s.UseBackgroundLevelStreaming:1]]
[2026.04.10-06.24.49:205][  0]LogConfig: Setting CVar [[s.PriorityAsyncLoadingExtraTime:15.0]]
[2026.04.10-06.24.49:205][  0]LogConfig: Setting CVar [[s.LevelStreamingActorsUpdateTimeLimit:5.0]]
[2026.04.10-06.24.49:205][  0]LogConfig: Setting CVar [[s.PriorityLevelStreamingActorsUpdateExtraTime:5.0]]
[2026.04.10-06.24.49:205][  0]LogConfig: Setting CVar [[s.LevelStreamingComponentsRegistrationGranularity:10]]
[2026.04.10-06.24.49:206][  0]LogConfig: Setting CVar [[s.UnregisterComponentsTimeLimit:1.0]]
[2026.04.10-06.24.49:206][  0]LogConfig: Setting CVar [[s.LevelStreamingComponentsUnregistrationGranularity:5]]
[2026.04.10-06.24.49:206][  0]LogConfig: Setting CVar [[s.FlushStreamingOnExit:1]]
[2026.04.10-06.24.49:206][  0]LogConfig: Applying CVar settings from Section [/Script/Engine.GarbageCollectionSettings] File [../../../try2/Saved/Config/WindowsNoEditor/Engine.ini]
[2026.04.10-06.24.49:206][  0]LogConfig: Setting CVar [[gc.MaxObjectsNotConsideredByGC:1]]
[2026.04.10-06.24.49:206][  0]LogConfig: Setting CVar [[gc.SizeOfPermanentObjectPool:0]]
[2026.04.10-06.24.49:206][  0]LogConfig: Setting CVar [[gc.FlushStreamingOnGC:0]]
[2026.04.10-06.24.49:206][  0]LogConfig: Setting CVar [[gc.NumRetriesBeforeForcingGC:10]]
[2026.04.10-06.24.49:206][  0]LogConfig: Setting CVar [[gc.AllowParallelGC:1]]
[2026.04.10-06.24.49:206][  0]LogConfig: Setting CVar [[gc.TimeBetweenPurgingPendingKillObjects:61.1]]
[2026.04.10-06.24.49:206][  0]LogConfig: Setting CVar [[gc.MaxObjectsInEditor:25165824]]
[2026.04.10-06.24.49:206][  0]LogConfig: Setting CVar [[gc.IncrementalBeginDestroyEnabled:1]]
[2026.04.10-06.24.49:206][  0]LogConfig: Setting CVar [[gc.CreateGCClusters:1]]
[2026.04.10-06.24.49:206][  0]LogConfig: Setting CVar [[gc.MinGCClusterSize:5]]
[2026.04.10-06.24.49:206][  0]LogConfig: Setting CVar [[gc.ActorClusteringEnabled:0]]
[2026.04.10-06.24.49:206][  0]LogConfig: Setting CVar [[gc.BlueprintClusteringEnabled:0]]
[2026.04.10-06.24.49:206][  0]LogConfig: Setting CVar [[gc.UseDisregardForGCOnDedicatedServers:0]]
[2026.04.10-06.24.49:206][  0]LogConfig: Setting CVar [[gc.MultithreadedDestructionEnabled:1]]
[2026.04.10-06.24.49:206][  0]LogConfig: Applying CVar settings from Section [/Script/Engine.NetworkSettings] File [../../../try2/Saved/Config/WindowsNoEditor/Engine.ini]
[2026.04.10-06.24.49:236][  0]LogConfig: Applying CVar settings from Section [ViewDistanceQuality@3] File [../../../try2/Saved/Config/WindowsNoEditor/Scalability.ini]
[2026.04.10-06.24.49:236][  0]LogConfig: Setting CVar [[r.SkeletalMeshLODBias:0]]
[2026.04.10-06.24.49:236][  0]LogConfig: Setting CVar [[r.ViewDistanceScale:1.0]]
[2026.04.10-06.24.49:236][  0]LogConfig: Applying CVar settings from Section [AntiAliasingQuality@3] File [../../../try2/Saved/Config/WindowsNoEditor/Scalability.ini]
[2026.04.10-06.24.49:236][  0]LogConfig: Setting CVar [[r.PostProcessAAQuality:4]]
[2026.04.10-06.24.49:236][  0]LogConfig: Applying CVar settings from Section [ShadowQuality@3] File [../../../try2/Saved/Config/WindowsNoEditor/Scalability.ini]
[2026.04.10-06.24.49:236][  0]LogConfig: Setting CVar [[r.LightFunctionQuality:1]]
[2026.04.10-06.24.49:236][  0]LogConfig: Setting CVar [[r.ShadowQuality:5]]
[2026.04.10-06.24.49:236][  0]LogConfig: Setting CVar [[r.Shadow.CSM.MaxCascades:10]]
[2026.04.10-06.24.49:236][  0]LogConfig: Setting CVar [[r.Shadow.MaxResolution:2048]]
[2026.04.10-06.24.49:236][  0]LogConfig: Setting CVar [[r.Shadow.MaxCSMResolution:2048]]
[2026.04.10-06.24.49:236][  0]LogConfig: Setting CVar [[r.Shadow.RadiusThreshold:0.01]]
[2026.04.10-06.24.49:236][  0]LogConfig: Setting CVar [[r.Shadow.DistanceScale:1.0]]
[2026.04.10-06.24.49:236][  0]LogConfig: Setting CVar [[r.Shadow.CSM.TransitionScale:1.0]]
[2026.04.10-06.24.49:236][  0]LogConfig: Setting CVar [[r.Shadow.PreShadowResolutionFactor:1.0]]
[2026.04.10-06.24.49:236][  0]LogConfig: Setting CVar [[r.DistanceFieldShadowing:1]]
[2026.04.10-06.24.49:236][  0]LogConfig: Setting CVar [[r.DistanceFieldAO:1]]
[2026.04.10-06.24.49:236][  0]LogConfig: Setting CVar [[r.AOQuality:2]]
[2026.04.10-06.24.49:236][  0]LogConfig: Setting CVar [[r.VolumetricFog:1]]
[2026.04.10-06.24.49:236][  0]LogConfig: Setting CVar [[r.VolumetricFog.GridPixelSize:8]]
[2026.04.10-06.24.49:236][  0]LogConfig: Setting CVar [[r.VolumetricFog.GridSizeZ:128]]
[2026.04.10-06.24.49:236][  0]LogConfig: Setting CVar [[r.VolumetricFog.HistoryMissSupersampleCount:4]]
[2026.04.10-06.24.49:236][  0]LogConfig: Setting CVar [[r.LightMaxDrawDistanceScale:1]]
[2026.04.10-06.24.49:236][  0]LogConfig: Setting CVar [[r.CapsuleShadows:1]]
[2026.04.10-06.24.49:236][  0]LogConfig: Applying CVar settings from Section [PostProcessQuality@3] File [../../../try2/Saved/Config/WindowsNoEditor/Scalability.ini]
[2026.04.10-06.24.49:236][  0]LogConfig: Setting CVar [[r.MotionBlurQuality:4]]
[2026.04.10-06.24.49:236][  0]LogConfig: Setting CVar [[r.AmbientOcclusionMipLevelFactor:0.4]]
[2026.04.10-06.24.49:236][  0]LogConfig: Setting CVar [[r.AmbientOcclusionMaxQuality:100]]
[2026.04.10-06.24.49:236][  0]LogConfig: Setting CVar [[r.AmbientOcclusionLevels:-1]]
[2026.04.10-06.24.49:236][  0]LogConfig: Setting CVar [[r.AmbientOcclusionRadiusScale:1.0]]
[2026.04.10-06.24.49:236][  0]LogConfig: Setting CVar [[r.DepthOfFieldQuality:2]]
[2026.04.10-06.24.49:236][  0]LogConfig: Setting CVar [[r.RenderTargetPoolMin:400]]
[2026.04.10-06.24.49:236][  0]LogConfig: Setting CVar [[r.LensFlareQuality:2]]
[2026.04.10-06.24.49:236][  0]LogConfig: Setting CVar [[r.SceneColorFringeQuality:1]]
[2026.04.10-06.24.49:236][  0]LogConfig: Setting CVar [[r.EyeAdaptationQuality:2]]
[2026.04.10-06.24.49:236][  0]LogConfig: Setting CVar [[r.BloomQuality:5]]
[2026.04.10-06.24.49:236][  0]LogConfig: Setting CVar [[r.FastBlurThreshold:100]]
[2026.04.10-06.24.49:236][  0]LogConfig: Setting CVar [[r.Upscale.Quality:3]]
[2026.04.10-06.24.49:236][  0]LogConfig: Setting CVar [[r.Tonemapper.GrainQuantization:1]]
[2026.04.10-06.24.49:236][  0]LogConfig: Setting CVar [[r.LightShaftQuality:1]]
[2026.04.10-06.24.49:236][  0]LogConfig: Setting CVar [[r.Filter.SizeScale:1]]
[2026.04.10-06.24.49:236][  0]LogConfig: Setting CVar [[r.Tonemapper.Quality:5]]
[2026.04.10-06.24.49:236][  0]LogConfig: Setting CVar [[r.DOF.Gather.AccumulatorQuality:1        ; higher gathering accumulator quality]]
[2026.04.10-06.24.49:236][  0]LogConfig: Setting CVar [[r.DOF.Gather.PostfilterMethod:1          ; Median3x3 postfilering method]]
[2026.04.10-06.24.49:236][  0]LogConfig: Setting CVar [[r.DOF.Gather.EnableBokehSettings:0       ; no bokeh simulation when gathering]]
[2026.04.10-06.24.49:236][  0]LogConfig: Setting CVar [[r.DOF.Gather.RingCount:4                 ; medium number of samples when gathering]]
[2026.04.10-06.24.49:236][  0]LogConfig: Setting CVar [[r.DOF.Scatter.ForegroundCompositing:1    ; additive foreground scattering]]
[2026.04.10-06.24.49:236][  0]LogConfig: Setting CVar [[r.DOF.Scatter.BackgroundCompositing:2    ; additive background scattering]]
[2026.04.10-06.24.49:236][  0]LogConfig: Setting CVar [[r.DOF.Scatter.EnableBokehSettings:1      ; bokeh simulation when scattering]]
[2026.04.10-06.24.49:236][  0]LogConfig: Setting CVar [[r.DOF.Scatter.MaxSpriteRatio:0.1         ; only a maximum of 10% of scattered bokeh]]
[2026.04.10-06.24.49:236][  0]LogConfig: Setting CVar [[r.DOF.Recombine.Quality:1                ; cheap slight out of focus]]
[2026.04.10-06.24.49:236][  0]LogConfig: Setting CVar [[r.DOF.Recombine.EnableBokehSettings:0    ; no bokeh simulation on slight out of focus]]
[2026.04.10-06.24.49:236][  0]LogConfig: Setting CVar [[r.DOF.TemporalAAQuality:1                ; more stable temporal accumulation]]
[2026.04.10-06.24.49:236][  0]LogConfig: Setting CVar [[r.DOF.Kernel.MaxForegroundRadius:0.025]]
[2026.04.10-06.24.49:236][  0]LogConfig: Setting CVar [[r.DOF.Kernel.MaxBackgroundRadius:0.025]]
[2026.04.10-06.24.49:236][  0]LogConfig: Applying CVar settings from Section [TextureQuality@3] File [../../../try2/Saved/Config/WindowsNoEditor/Scalability.ini]
[2026.04.10-06.24.49:236][  0]LogConfig: Setting CVar [[r.Streaming.MipBias:0]]
[2026.04.10-06.24.49:236][  0]LogConfig: Setting CVar [[r.Streaming.AmortizeCPUToGPUCopy:0]]
[2026.04.10-06.24.49:236][  0]LogConfig: Setting CVar [[r.Streaming.MaxNumTexturesToStreamPerFrame:0]]
[2026.04.10-06.24.49:236][  0]LogConfig: Setting CVar [[r.Streaming.Boost:1]]
[2026.04.10-06.24.49:236][  0]LogConfig: Setting CVar [[r.MaxAnisotropy:8]]
[2026.04.10-06.24.49:236][  0]LogConfig: Setting CVar [[r.VT.MaxAnisotropy:8]]
[2026.04.10-06.24.49:236][  0]LogConfig: Setting CVar [[r.Streaming.LimitPoolSizeToVRAM:0]]
[2026.04.10-06.24.49:236][  0]LogConfig: Setting CVar [[r.Streaming.PoolSize:1000]]
[2026.04.10-06.24.49:236][  0]LogConfig: Setting CVar [[r.Streaming.MaxEffectiveScreenSize:0]]
[2026.04.10-06.24.49:236][  0]LogConfig: Applying CVar settings from Section [EffectsQuality@3] File [../../../try2/Saved/Config/WindowsNoEditor/Scalability.ini]
[2026.04.10-06.24.49:236][  0]LogConfig: Setting CVar [[r.TranslucencyLightingVolumeDim:64]]
[2026.04.10-06.24.49:236][  0]LogConfig: Setting CVar [[r.RefractionQuality:2]]
[2026.04.10-06.24.49:236][  0]LogConfig: Setting CVar [[r.SSR.Quality:3]]
[2026.04.10-06.24.49:236][  0]LogConfig: Setting CVar [[r.SSR.HalfResSceneColor:0]]
[2026.04.10-06.24.49:236][  0]LogConfig: Setting CVar [[r.SceneColorFormat:4]]
[2026.04.10-06.24.49:236][  0]LogConfig: Setting CVar [[r.DetailMode:2]]
[2026.04.10-06.24.49:236][  0]LogConfig: Setting CVar [[r.TranslucencyVolumeBlur:1]]
[2026.04.10-06.24.49:236][  0]LogConfig: Setting CVar [[r.MaterialQualityLevel:1 ; High quality]]
[2026.04.10-06.24.49:237][  0]LogConfig: Setting CVar [[r.AnisotropicMaterials:1]]
[2026.04.10-06.24.49:237][  0]LogConfig: Setting CVar [[r.SSS.Scale:1]]
[2026.04.10-06.24.49:237][  0]LogConfig: Setting CVar [[r.SSS.SampleSet:2]]
[2026.04.10-06.24.49:237][  0]LogConfig: Setting CVar [[r.SSS.Quality:1]]
[2026.04.10-06.24.49:237][  0]LogConfig: Setting CVar [[r.SSS.HalfRes:0]]
[2026.04.10-06.24.49:237][  0]LogConfig: Setting CVar [[r.SSGI.Quality:3]]
[2026.04.10-06.24.49:237][  0]LogConfig: Setting CVar [[r.EmitterSpawnRateScale:1.0]]
[2026.04.10-06.24.49:237][  0]LogConfig: Setting CVar [[r.ParticleLightQuality:2]]
[2026.04.10-06.24.49:237][  0]LogConfig: Setting CVar [[r.SkyAtmosphere.AerialPerspectiveLUT.FastApplyOnOpaque:1 ; Always have FastSkyLUT 1 in this case to avoid wrong sky]]
[2026.04.10-06.24.49:237][  0]LogConfig: Setting CVar [[r.SkyAtmosphere.AerialPerspectiveLUT.SampleCountMaxPerSlice:4]]
[2026.04.10-06.24.49:237][  0]LogConfig: Setting CVar [[r.SkyAtmosphere.AerialPerspectiveLUT.DepthResolution:16.0]]
[2026.04.10-06.24.49:237][  0]LogConfig: Setting CVar [[r.SkyAtmosphere.FastSkyLUT:1]]
[2026.04.10-06.24.49:237][  0]LogConfig: Setting CVar [[r.SkyAtmosphere.FastSkyLUT.SampleCountMin:4.0]]
[2026.04.10-06.24.49:237][  0]LogConfig: Setting CVar [[r.SkyAtmosphere.FastSkyLUT.SampleCountMax:128.0]]
[2026.04.10-06.24.49:237][  0]LogConfig: Setting CVar [[r.SkyAtmosphere.SampleCountMin:4.0]]
[2026.04.10-06.24.49:237][  0]LogConfig: Setting CVar [[r.SkyAtmosphere.SampleCountMax:128.0]]
[2026.04.10-06.24.49:237][  0]LogConfig: Setting CVar [[r.SkyAtmosphere.TransmittanceLUT.UseSmallFormat:0]]
[2026.04.10-06.24.49:237][  0]LogConfig: Setting CVar [[r.SkyAtmosphere.TransmittanceLUT.SampleCount:10.0]]
[2026.04.10-06.24.49:237][  0]LogConfig: Setting CVar [[r.SkyAtmosphere.MultiScatteringLUT.SampleCount:15.0]]
[2026.04.10-06.24.49:237][  0]LogConfig: Setting CVar [[r.SkyLight.RealTimeReflectionCapture:1]]
[2026.04.10-06.24.49:237][  0]LogConfig: Setting CVar [[fx.Niagara.QualityLevel:3]]
[2026.04.10-06.24.49:237][  0]LogConfig: Applying CVar settings from Section [FoliageQuality@3] File [../../../try2/Saved/Config/WindowsNoEditor/Scalability.ini]
[2026.04.10-06.24.49:237][  0]LogConfig: Setting CVar [[foliage.DensityScale:1.0]]
[2026.04.10-06.24.49:237][  0]LogConfig: Setting CVar [[grass.DensityScale:1.0]]
[2026.04.10-06.24.49:237][  0]LogConfig: Applying CVar settings from Section [ShadingQuality@3] File [../../../try2/Saved/Config/WindowsNoEditor/Scalability.ini]
[2026.04.10-06.24.49:237][  0]LogConfig: Setting CVar [[r.HairStrands.SkyLighting.IntegrationType:2]]
[2026.04.10-06.24.49:237][  0]LogConfig: Setting CVar [[r.HairStrands.SkyAO.SampleCount:4]]
[2026.04.10-06.24.49:237][  0]LogConfig: Setting CVar [[r.HairStrands.Visibility.MSAA.SamplePerPixel:4]]
[2026.04.10-06.24.49:237][  0]LogInit: Selected Device Profile: [WindowsNoEditor]
[2026.04.10-06.24.49:237][  0]LogInit: Applying CVar settings loaded from the selected device profile: [WindowsNoEditor]
[2026.04.10-06.24.49:237][  0]LogHAL: Display: Platform has ~ 32 GB [34049155072 / 34359738368 / 32], which maps to Largest [LargestMinGB=32, LargerMinGB=12, DefaultMinGB=8, SmallerMinGB=6, SmallestMinGB=0)
[2026.04.10-06.24.49:237][  0]LogInit: Going up to parent DeviceProfile [Windows]
[2026.04.10-06.24.49:237][  0]LogInit: Going up to parent DeviceProfile []
[2026.04.10-06.24.49:237][  0]LogConfig: Applying CVar settings from Section [ViewDistanceQuality@3] File [../../../try2/Saved/Config/WindowsNoEditor/Scalability.ini]
[2026.04.10-06.24.49:237][  0]LogConfig: Setting CVar [[r.SkeletalMeshLODBias:0]]
[2026.04.10-06.24.49:237][  0]LogConfig: Setting CVar [[r.ViewDistanceScale:1.0]]
[2026.04.10-06.24.49:237][  0]LogConfig: Applying CVar settings from Section [AntiAliasingQuality@3] File [../../../try2/Saved/Config/WindowsNoEditor/Scalability.ini]
[2026.04.10-06.24.49:237][  0]LogConfig: Setting CVar [[r.PostProcessAAQuality:4]]
[2026.04.10-06.24.49:237][  0]LogConfig: Applying CVar settings from Section [ShadowQuality@3] File [../../../try2/Saved/Config/WindowsNoEditor/Scalability.ini]
[2026.04.10-06.24.49:237][  0]LogConfig: Setting CVar [[r.LightFunctionQuality:1]]
[2026.04.10-06.24.49:237][  0]LogConfig: Setting CVar [[r.ShadowQuality:5]]
[2026.04.10-06.24.49:237][  0]LogConfig: Setting CVar [[r.Shadow.CSM.MaxCascades:10]]
[2026.04.10-06.24.49:237][  0]LogConfig: Setting CVar [[r.Shadow.MaxResolution:2048]]
[2026.04.10-06.24.49:237][  0]LogConfig: Setting CVar [[r.Shadow.MaxCSMResolution:2048]]
[2026.04.10-06.24.49:237][  0]LogConfig: Setting CVar [[r.Shadow.RadiusThreshold:0.01]]
[2026.04.10-06.24.49:237][  0]LogConfig: Setting CVar [[r.Shadow.DistanceScale:1.0]]
[2026.04.10-06.24.49:237][  0]LogConfig: Setting CVar [[r.Shadow.CSM.TransitionScale:1.0]]
[2026.04.10-06.24.49:237][  0]LogConfig: Setting CVar [[r.Shadow.PreShadowResolutionFactor:1.0]]
[2026.04.10-06.24.49:237][  0]LogConfig: Setting CVar [[r.DistanceFieldShadowing:1]]
[2026.04.10-06.24.49:237][  0]LogConfig: Setting CVar [[r.DistanceFieldAO:1]]
[2026.04.10-06.24.49:237][  0]LogConfig: Setting CVar [[r.AOQuality:2]]
[2026.04.10-06.24.49:237][  0]LogConfig: Setting CVar [[r.VolumetricFog:1]]
[2026.04.10-06.24.49:237][  0]LogConfig: Setting CVar [[r.VolumetricFog.GridPixelSize:8]]
[2026.04.10-06.24.49:237][  0]LogConfig: Setting CVar [[r.VolumetricFog.GridSizeZ:128]]
[2026.04.10-06.24.49:237][  0]LogConfig: Setting CVar [[r.VolumetricFog.HistoryMissSupersampleCount:4]]
[2026.04.10-06.24.49:237][  0]LogConfig: Setting CVar [[r.LightMaxDrawDistanceScale:1]]
[2026.04.10-06.24.49:237][  0]LogConfig: Setting CVar [[r.CapsuleShadows:1]]
[2026.04.10-06.24.49:237][  0]LogConfig: Applying CVar settings from Section [PostProcessQuality@3] File [../../../try2/Saved/Config/WindowsNoEditor/Scalability.ini]
[2026.04.10-06.24.49:237][  0]LogConfig: Setting CVar [[r.MotionBlurQuality:4]]
[2026.04.10-06.24.49:237][  0]LogConfig: Setting CVar [[r.AmbientOcclusionMipLevelFactor:0.4]]
[2026.04.10-06.24.49:237][  0]LogConfig: Setting CVar [[r.AmbientOcclusionMaxQuality:100]]
[2026.04.10-06.24.49:237][  0]LogConfig: Setting CVar [[r.AmbientOcclusionLevels:-1]]
[2026.04.10-06.24.49:237][  0]LogConfig: Setting CVar [[r.AmbientOcclusionRadiusScale:1.0]]
[2026.04.10-06.24.49:237][  0]LogConfig: Setting CVar [[r.DepthOfFieldQuality:2]]
[2026.04.10-06.24.49:237][  0]LogConfig: Setting CVar [[r.RenderTargetPoolMin:400]]
[2026.04.10-06.24.49:237][  0]LogConfig: Setting CVar [[r.LensFlareQuality:2]]
[2026.04.10-06.24.49:237][  0]LogConfig: Setting CVar [[r.SceneColorFringeQuality:1]]
[2026.04.10-06.24.49:237][  0]LogConfig: Setting CVar [[r.EyeAdaptationQuality:2]]
[2026.04.10-06.24.49:237][  0]LogConfig: Setting CVar [[r.BloomQuality:5]]
[2026.04.10-06.24.49:237][  0]LogConfig: Setting CVar [[r.FastBlurThreshold:100]]
[2026.04.10-06.24.49:237][  0]LogConfig: Setting CVar [[r.Upscale.Quality:3]]
[2026.04.10-06.24.49:237][  0]LogConfig: Setting CVar [[r.Tonemapper.GrainQuantization:1]]
[2026.04.10-06.24.49:237][  0]LogConfig: Setting CVar [[r.LightShaftQuality:1]]
[2026.04.10-06.24.49:237][  0]LogConfig: Setting CVar [[r.Filter.SizeScale:1]]
[2026.04.10-06.24.49:237][  0]LogConfig: Setting CVar [[r.Tonemapper.Quality:5]]
[2026.04.10-06.24.49:237][  0]LogConfig: Setting CVar [[r.DOF.Gather.AccumulatorQuality:1        ; higher gathering accumulator quality]]
[2026.04.10-06.24.49:237][  0]LogConfig: Setting CVar [[r.DOF.Gather.PostfilterMethod:1          ; Median3x3 postfilering method]]
[2026.04.10-06.24.49:237][  0]LogConfig: Setting CVar [[r.DOF.Gather.EnableBokehSettings:0       ; no bokeh simulation when gathering]]
[2026.04.10-06.24.49:237][  0]LogConfig: Setting CVar [[r.DOF.Gather.RingCount:4                 ; medium number of samples when gathering]]
[2026.04.10-06.24.49:237][  0]LogConfig: Setting CVar [[r.DOF.Scatter.ForegroundCompositing:1    ; additive foreground scattering]]
[2026.04.10-06.24.49:237][  0]LogConfig: Setting CVar [[r.DOF.Scatter.BackgroundCompositing:2    ; additive background scattering]]
[2026.04.10-06.24.49:237][  0]LogConfig: Setting CVar [[r.DOF.Scatter.EnableBokehSettings:1      ; bokeh simulation when scattering]]
[2026.04.10-06.24.49:237][  0]LogConfig: Setting CVar [[r.DOF.Scatter.MaxSpriteRatio:0.1         ; only a maximum of 10% of scattered bokeh]]
[2026.04.10-06.24.49:237][  0]LogConfig: Setting CVar [[r.DOF.Recombine.Quality:1                ; cheap slight out of focus]]
[2026.04.10-06.24.49:237][  0]LogConfig: Setting CVar [[r.DOF.Recombine.EnableBokehSettings:0    ; no bokeh simulation on slight out of focus]]
[2026.04.10-06.24.49:237][  0]LogConfig: Setting CVar [[r.DOF.TemporalAAQuality:1                ; more stable temporal accumulation]]
[2026.04.10-06.24.49:237][  0]LogConfig: Setting CVar [[r.DOF.Kernel.MaxForegroundRadius:0.025]]
[2026.04.10-06.24.49:237][  0]LogConfig: Setting CVar [[r.DOF.Kernel.MaxBackgroundRadius:0.025]]
[2026.04.10-06.24.49:237][  0]LogConfig: Applying CVar settings from Section [TextureQuality@3] File [../../../try2/Saved/Config/WindowsNoEditor/Scalability.ini]
[2026.04.10-06.24.49:237][  0]LogConfig: Setting CVar [[r.Streaming.MipBias:0]]
[2026.04.10-06.24.49:237][  0]LogConfig: Setting CVar [[r.Streaming.AmortizeCPUToGPUCopy:0]]
[2026.04.10-06.24.49:237][  0]LogConfig: Setting CVar [[r.Streaming.MaxNumTexturesToStreamPerFrame:0]]
[2026.04.10-06.24.49:237][  0]LogConfig: Setting CVar [[r.Streaming.Boost:1]]
[2026.04.10-06.24.49:237][  0]LogConfig: Setting CVar [[r.MaxAnisotropy:8]]
[2026.04.10-06.24.49:237][  0]LogConfig: Setting CVar [[r.VT.MaxAnisotropy:8]]
[2026.04.10-06.24.49:237][  0]LogConfig: Setting CVar [[r.Streaming.LimitPoolSizeToVRAM:0]]
[2026.04.10-06.24.49:237][  0]LogConfig: Setting CVar [[r.Streaming.PoolSize:1000]]
[2026.04.10-06.24.49:237][  0]LogConfig: Setting CVar [[r.Streaming.MaxEffectiveScreenSize:0]]
[2026.04.10-06.24.49:237][  0]LogConfig: Applying CVar settings from Section [EffectsQuality@3] File [../../../try2/Saved/Config/WindowsNoEditor/Scalability.ini]
[2026.04.10-06.24.49:237][  0]LogConfig: Setting CVar [[r.TranslucencyLightingVolumeDim:64]]
[2026.04.10-06.24.49:237][  0]LogConfig: Setting CVar [[r.RefractionQuality:2]]
[2026.04.10-06.24.49:237][  0]LogConfig: Setting CVar [[r.SSR.Quality:3]]
[2026.04.10-06.24.49:237][  0]LogConfig: Setting CVar [[r.SSR.HalfResSceneColor:0]]
[2026.04.10-06.24.49:237][  0]LogConfig: Setting CVar [[r.SceneColorFormat:4]]
[2026.04.10-06.24.49:237][  0]LogConfig: Setting CVar [[r.DetailMode:2]]
[2026.04.10-06.24.49:237][  0]LogConfig: Setting CVar [[r.TranslucencyVolumeBlur:1]]
[2026.04.10-06.24.49:237][  0]LogConfig: Setting CVar [[r.MaterialQualityLevel:1 ; High quality]]
[2026.04.10-06.24.49:237][  0]LogConfig: Setting CVar [[r.AnisotropicMaterials:1]]
[2026.04.10-06.24.49:237][  0]LogConfig: Setting CVar [[r.SSS.Scale:1]]
[2026.04.10-06.24.49:237][  0]LogConfig: Setting CVar [[r.SSS.SampleSet:2]]
[2026.04.10-06.24.49:237][  0]LogConfig: Setting CVar [[r.SSS.Quality:1]]
[2026.04.10-06.24.49:237][  0]LogConfig: Setting CVar [[r.SSS.HalfRes:0]]
[2026.04.10-06.24.49:237][  0]LogConfig: Setting CVar [[r.SSGI.Quality:3]]
[2026.04.10-06.24.49:237][  0]LogConfig: Setting CVar [[r.EmitterSpawnRateScale:1.0]]
[2026.04.10-06.24.49:237][  0]LogConfig: Setting CVar [[r.ParticleLightQuality:2]]
[2026.04.10-06.24.49:237][  0]LogConfig: Setting CVar [[r.SkyAtmosphere.AerialPerspectiveLUT.FastApplyOnOpaque:1 ; Always have FastSkyLUT 1 in this case to avoid wrong sky]]
[2026.04.10-06.24.49:237][  0]LogConfig: Setting CVar [[r.SkyAtmosphere.AerialPerspectiveLUT.SampleCountMaxPerSlice:4]]
[2026.04.10-06.24.49:237][  0]LogConfig: Setting CVar [[r.SkyAtmosphere.AerialPerspectiveLUT.DepthResolution:16.0]]
[2026.04.10-06.24.49:237][  0]LogConfig: Setting CVar [[r.SkyAtmosphere.FastSkyLUT:1]]
[2026.04.10-06.24.49:237][  0]LogConfig: Setting CVar [[r.SkyAtmosphere.FastSkyLUT.SampleCountMin:4.0]]
[2026.04.10-06.24.49:237][  0]LogConfig: Setting CVar [[r.SkyAtmosphere.FastSkyLUT.SampleCountMax:128.0]]
[2026.04.10-06.24.49:237][  0]LogConfig: Setting CVar [[r.SkyAtmosphere.SampleCountMin:4.0]]
[2026.04.10-06.24.49:237][  0]LogConfig: Setting CVar [[r.SkyAtmosphere.SampleCountMax:128.0]]
[2026.04.10-06.24.49:237][  0]LogConfig: Setting CVar [[r.SkyAtmosphere.TransmittanceLUT.UseSmallFormat:0]]
[2026.04.10-06.24.49:237][  0]LogConfig: Setting CVar [[r.SkyAtmosphere.TransmittanceLUT.SampleCount:10.0]]
[2026.04.10-06.24.49:237][  0]LogConfig: Setting CVar [[r.SkyAtmosphere.MultiScatteringLUT.SampleCount:15.0]]
[2026.04.10-06.24.49:237][  0]LogConfig: Setting CVar [[r.SkyLight.RealTimeReflectionCapture:1]]
[2026.04.10-06.24.49:237][  0]LogConfig: Setting CVar [[fx.Niagara.QualityLevel:3]]
[2026.04.10-06.24.49:237][  0]LogConfig: Applying CVar settings from Section [FoliageQuality@3] File [../../../try2/Saved/Config/WindowsNoEditor/Scalability.ini]
[2026.04.10-06.24.49:237][  0]LogConfig: Setting CVar [[foliage.DensityScale:1.0]]
[2026.04.10-06.24.49:237][  0]LogConfig: Setting CVar [[grass.DensityScale:1.0]]
[2026.04.10-06.24.49:237][  0]LogConfig: Applying CVar settings from Section [ShadingQuality@3] File [../../../try2/Saved/Config/WindowsNoEditor/Scalability.ini]
[2026.04.10-06.24.49:237][  0]LogConfig: Setting CVar [[r.HairStrands.SkyLighting.IntegrationType:2]]
[2026.04.10-06.24.49:237][  0]LogConfig: Setting CVar [[r.HairStrands.SkyAO.SampleCount:4]]
[2026.04.10-06.24.49:237][  0]LogConfig: Setting CVar [[r.HairStrands.Visibility.MSAA.SamplePerPixel:4]]
[2026.04.10-06.24.49:237][  0]LogConfig: Applying CVar settings from Section [Startup] File [../../../Engine/Config/ConsoleVariables.ini]
[2026.04.10-06.24.49:237][  0]LogConfig: Setting CVar [[net.UseAdaptiveNetUpdateFrequency:0]]
[2026.04.10-06.24.49:237][  0]LogConfig: Setting CVar [[p.chaos.AllowCreatePhysxBodies:1]]
[2026.04.10-06.24.49:237][  0]LogConfig: Setting CVar [[fx.SkipVectorVMBackendOptimizations:1]]
[2026.04.10-06.24.49:237][  0]LogConfig: Applying CVar settings from Section [ConsoleVariables] File [../../../try2/Saved/Config/WindowsNoEditor/Engine.ini]
[2026.04.10-06.24.49:238][  0]LogInit: Computer: WANZI
[2026.04.10-06.24.49:238][  0]LogInit: User: whz
[2026.04.10-06.24.49:238][  0]LogInit: CPU Page size=4096, Cores=24
[2026.04.10-06.24.49:238][  0]LogInit: High frequency timer resolution =10.000000 MHz
[2026.04.10-06.24.49:238][  0]LogMemory: Memory total: Physical=31.7GB (32GB approx)
[2026.04.10-06.24.49:238][  0]LogMemory: Platform Memory Stats for WindowsNoEditor
[2026.04.10-06.24.49:238][  0]LogMemory: Process Physical Memory: 94.18 MB used, 94.18 MB peak
[2026.04.10-06.24.49:238][  0]LogMemory: Process Virtual Memory: 89.32 MB used, 89.32 MB peak
[2026.04.10-06.24.49:238][  0]LogMemory: Physical Memory: 21070.52 MB used,  11401.28 MB free, 32471.80 MB total
[2026.04.10-06.24.49:238][  0]LogMemory: Virtual Memory: 134210008.00 MB used,  7719.11 MB free, 134217728.00 MB total
[2026.04.10-06.24.49:241][  0]LogWindows: WindowsPlatformFeatures enabled
[2026.04.10-06.24.49:287][  0]LogInit: Physics initialised using underlying interface: PhysX
[2026.04.10-06.24.49:288][  0]LogInit: Using OS detected language (zh-CN).
[2026.04.10-06.24.49:288][  0]LogInit: Using OS detected locale (zh-CN).
[2026.04.10-06.24.49:288][  0]LogTextLocalizationManager: No localization for 'zh-CN' exists, so 'en' will be used for the language.
[2026.04.10-06.24.49:288][  0]LogTextLocalizationManager: No localization for 'zh-CN' exists, so 'en' will be used for the locale.
[2026.04.10-06.24.49:302][  0]LogInit: Setting process to per monitor DPI aware
[2026.04.10-06.24.49:393][  0]LogWindowsTextInputMethodSystem: Display: IME system deactivated.
[2026.04.10-06.24.49:441][  0]LogSlate: New Slate User Created.  User Index 0, Is Virtual User: 0
[2026.04.10-06.24.49:441][  0]LogSlate: Slate User Registered.  User Index 0, Is Virtual User: 0
[2026.04.10-06.24.49:482][  0]LogD3D11RHI: Loaded GFSDK_Aftermath_Lib.x64.dll
[2026.04.10-06.24.49:514][  0]LogHMD: Failed to initialize OpenVR with code 110
[2026.04.10-06.24.49:514][  0]LogD3D11RHI: D3D11 min allowed feature level: 11_0
[2026.04.10-06.24.49:514][  0]LogD3D11RHI: D3D11 max allowed feature level: 11_0
[2026.04.10-06.24.49:514][  0]LogD3D11RHI: D3D11 adapters:
[2026.04.10-06.24.49:770][  0]LogD3D11RHI:    0. 'NVIDIA GeForce RTX 4070 Laptop GPU' (Feature Level 11_0)
[2026.04.10-06.24.49:770][  0]LogD3D11RHI:       7948/0/16235 MB DedicatedVideo/DedicatedSystem/SharedSystem, Outputs:2, VendorId:0x10de
[2026.04.10-06.24.49:826][  0]LogD3D11RHI:    1. 'Intel(R) UHD Graphics' (Feature Level 11_0)
[2026.04.10-06.24.49:826][  0]LogD3D11RHI:       128/0/16235 MB DedicatedVideo/DedicatedSystem/SharedSystem, Outputs:0, VendorId:0x8086
[2026.04.10-06.24.49:829][  0]LogD3D11RHI:    2. 'Microsoft Basic Render Driver' (Feature Level 11_0)
[2026.04.10-06.24.49:829][  0]LogD3D11RHI:       0/0/16235 MB DedicatedVideo/DedicatedSystem/SharedSystem, Outputs:0, VendorId:0x1414
[2026.04.10-06.24.49:868][  0]LogD3D11RHI:    3. 'Intel(R) UHD Graphics' (Feature Level 11_0)
[2026.04.10-06.24.49:870][  0]LogD3D11RHI:       128/0/16235 MB DedicatedVideo/DedicatedSystem/SharedSystem, Outputs:0, VendorId:0x8086
[2026.04.10-06.24.49:907][  0]LogD3D11RHI:    4. 'Intel(R) UHD Graphics' (Feature Level 11_0)
[2026.04.10-06.24.49:907][  0]LogD3D11RHI:       128/0/16235 MB DedicatedVideo/DedicatedSystem/SharedSystem, Outputs:0, VendorId:0x8086
[2026.04.10-06.24.49:907][  0]LogD3D11RHI: Chosen D3D11 Adapter:
[2026.04.10-06.24.49:907][  0]LogD3D11RHI:     Description : NVIDIA GeForce RTX 4070 Laptop GPU
[2026.04.10-06.24.49:907][  0]LogD3D11RHI:     VendorId    : 10de
[2026.04.10-06.24.49:907][  0]LogD3D11RHI:     DeviceId    : 2860
[2026.04.10-06.24.49:907][  0]LogD3D11RHI:     SubSysId    : 8c4d103c
[2026.04.10-06.24.49:907][  0]LogD3D11RHI:     Revision    : 00a1
[2026.04.10-06.24.49:907][  0]LogD3D11RHI:     DedicatedVideoMemory : 8334082048 bytes
[2026.04.10-06.24.49:907][  0]LogD3D11RHI:     DedicatedSystemMemory : 0 bytes
[2026.04.10-06.24.49:907][  0]LogD3D11RHI:     SharedSystemMemory : 17024577536 bytes
[2026.04.10-06.24.49:907][  0]LogD3D11RHI:     AdapterLuid : 0 102783
[2026.04.10-06.24.49:917][  0]LogD3D11RHI: Creating new Direct3DDevice
[2026.04.10-06.24.49:917][  0]LogD3D11RHI:     GPU DeviceId: 0x2860 (for the marketing name, search the web for "GPU Device Id")
[2026.04.10-06.24.49:917][  0]LogWindows: EnumDisplayDevices:
[2026.04.10-06.24.49:917][  0]LogWindows:    0. 'Intel(R) UHD Graphics' (P:1 D:1)
[2026.04.10-06.24.49:918][  0]LogWindows:    1. 'Intel(R) UHD Graphics' (P:0 D:0)
[2026.04.10-06.24.49:918][  0]LogWindows:    2. 'Intel(R) UHD Graphics' (P:0 D:0)
[2026.04.10-06.24.49:918][  0]LogWindows:    3. 'Intel(R) UHD Graphics' (P:0 D:0)
[2026.04.10-06.24.49:919][  0]LogWindows:    4. 'NVIDIA GeForce RTX 4070 Laptop GPU' (P:0 D:1)
[2026.04.10-06.24.49:919][  0]LogWindows:    5. 'NVIDIA GeForce RTX 4070 Laptop GPU' (P:0 D:0)
[2026.04.10-06.24.49:920][  0]LogWindows:    6. 'NVIDIA GeForce RTX 4070 Laptop GPU' (P:0 D:0)
[2026.04.10-06.24.49:920][  0]LogWindows:    7. 'NVIDIA GeForce RTX 4070 Laptop GPU' (P:0 D:0)
[2026.04.10-06.24.49:921][  0]LogWindows:    8. 'GameViewer Virtual Display Adapter' (P:0 D:0)
[2026.04.10-06.24.49:921][  0]LogWindows:    9. 'GameViewer Virtual Display Adapter' (P:0 D:0)
[2026.04.10-06.24.49:921][  0]LogWindows:    10. 'GameViewer Virtual Display Adapter' (P:0 D:0)
[2026.04.10-06.24.49:922][  0]LogWindows:    11. 'GameViewer Virtual Display Adapter' (P:0 D:0)
[2026.04.10-06.24.49:923][  0]LogWindows:    12. 'GameViewer Virtual Display Adapter' (P:0 D:0)
[2026.04.10-06.24.49:923][  0]LogWindows:    13. 'GameViewer Virtual Display Adapter' (P:0 D:0)
[2026.04.10-06.24.49:924][  0]LogWindows:    14. 'GameViewer Virtual Display Adapter' (P:0 D:0)
[2026.04.10-06.24.49:924][  0]LogWindows:    15. 'GameViewer Virtual Display Adapter' (P:0 D:0)
[2026.04.10-06.24.49:925][  0]LogWindows:    16. 'GameViewer Virtual Display Adapter' (P:0 D:0)
[2026.04.10-06.24.49:925][  0]LogWindows:    17. 'GameViewer Virtual Display Adapter' (P:0 D:0)
[2026.04.10-06.24.49:925][  0]LogWindows:    18. 'ExtensoDesk Display' (P:0 D:0)
[2026.04.10-06.24.49:926][  0]LogWindows:    19. 'ExtensoDesk Display' (P:0 D:0)
[2026.04.10-06.24.49:926][  0]LogWindows:    20. 'ExtensoDesk Display' (P:0 D:0)
[2026.04.10-06.24.49:926][  0]LogWindows: DebugString: PrimaryIsNotTheChoosenAdapter PrimaryIsNotTheChoosenAdapter PrimaryIsNotTheChoosenAdapter PrimaryIsNotTheChoosenAdapter GetVideoDriverDetailsInvalid PrimaryIsNotTheChoosenAdapter GetVideoDriverDetailsInvalid PrimaryIsNotTheChoosenAdapter GetVideoDriverDetailsInvalid PrimaryIsNotTheChoosenAdapter GetVideoDriverDetailsInvalid PrimaryIsNotTheChoosenAdapter GetVideoDriverDetailsInvalid PrimaryIsNotTheChoosenAdapter GetVideoDriverDetailsInvalid PrimaryIsNotTheChoosenAdapter GetVideoDriverDetailsInvalid PrimaryIsNotTheChoosenAdapter GetVideoDriverDetailsInvalid PrimaryIsNotTheChoosenAdapter GetVideoDriverDetailsInvalid PrimaryIsNotTheChoosenAdapter GetVideoDriverDetailsInvalid PrimaryIsNotTheChoosenAdapter GetVideoDriverDetailsInvalid PrimaryIsNotTheChoosenAdapter GetVideoDriverDetailsInvalid PrimaryIsNotTheChoosenAdapter GetVideoDriverDetailsInvalid PrimaryIsNotTheChoosenAdapter FoundDriverCount:4 
[2026.04.10-06.24.49:926][  0]LogD3D11RHI:     Adapter Name: NVIDIA GeForce RTX 4070 Laptop GPU
[2026.04.10-06.24.49:926][  0]LogD3D11RHI:   Driver Version: 581.83 (internal:32.0.15.8183, unified:581.83)
[2026.04.10-06.24.49:926][  0]LogD3D11RHI:      Driver Date: 11-4-2025
[2026.04.10-06.24.49:926][  0]LogRHI: Texture pool is 5563 MB (70% of 7948 MB)
[2026.04.10-06.24.49:926][  0]LogD3D11RHI: Creating D3DDevice using adapter:
[2026.04.10-06.24.49:926][  0]LogD3D11RHI:     Description : NVIDIA GeForce RTX 4070 Laptop GPU
[2026.04.10-06.24.49:926][  0]LogD3D11RHI:     VendorId    : 10de
[2026.04.10-06.24.49:926][  0]LogD3D11RHI:     DeviceId    : 2860
[2026.04.10-06.24.49:926][  0]LogD3D11RHI:     SubSysId    : 8c4d103c
[2026.04.10-06.24.49:926][  0]LogD3D11RHI:     Revision    : 00a1
[2026.04.10-06.24.49:926][  0]LogD3D11RHI:     DedicatedVideoMemory : 8334082048 bytes
[2026.04.10-06.24.49:926][  0]LogD3D11RHI:     DedicatedSystemMemory : 0 bytes
[2026.04.10-06.24.49:926][  0]LogD3D11RHI:     SharedSystemMemory : 17024577536 bytes
[2026.04.10-06.24.49:926][  0]LogD3D11RHI:     AdapterLuid : 0 102783
[2026.04.10-06.24.50:076][  0]LogD3D11RHI: RHI has support for 64 bit atomics
[2026.04.10-06.24.50:077][  0]LogD3D11RHI: Async texture creation enabled
[2026.04.10-06.24.50:077][  0]LogD3D11RHI: Array index from any shader is supported
[2026.04.10-06.24.50:098][  0]LogD3D11RHI: GPU Timing Frequency: 1000.000000 (Debug: 2 2)
[2026.04.10-06.24.50:182][  0]LogRHI: GeForceNow SDK initialized: 1
[2026.04.10-06.24.50:182][  0]LogRendererCore: Ray tracing is disabled. Reason: r.RayTracing=0.
[2026.04.10-06.24.50:185][  0]LogShaderLibrary: Display: Using ../../../try2/Content/ShaderArchive-Global-PCD3D_SM5.ushaderbytecode for material shader code. Total 1951 unique shaders.
[2026.04.10-06.24.50:185][  0]LogShaderLibrary: Display: Cooked Context: Using Shared Shader Library Global
[2026.04.10-06.24.50:185][  0]LogShaderLibrary: Display: Logical shader library 'Global' has been created, components 1
[2026.04.10-06.24.50:186][  0]LogTemp: Warning: Clearing the OS Cache
[2026.04.10-06.24.50:186][  0]LogODSC: ODSC Thread active.
[2026.04.10-06.24.50:187][  0]LogPakFile: New pak file ../../../try2/Content/Paks/try2-WindowsNoEditor.pak added to pak precacher.
[2026.04.10-06.24.50:210][  0]LogSlate: Using FreeType 2.10.0
[2026.04.10-06.24.50:211][  0]LogSlate: SlateFontServices - WITH_FREETYPE: 1, WITH_HARFBUZZ: 1
[2026.04.10-06.24.50:319][  0]LogShaderLibrary: Display: Using ../../../try2/Content/ShaderArchive-try2-PCD3D_SM5.ushaderbytecode for material shader code. Total 2450 unique shaders.
[2026.04.10-06.24.50:319][  0]LogShaderLibrary: Display: Cooked Context: Using Shared Shader Library try2
[2026.04.10-06.24.50:319][  0]LogShaderLibrary: Display: Logical shader library 'try2' has been created, components 1
[2026.04.10-06.24.50:319][  0]LogRHI: Display: Opened pipeline cache after state change and enqueued 0 of 0 tasks for precompile.
[2026.04.10-06.24.50:319][  0]LogShaderLibrary: Display: Using ../../../try2/Content/ShaderArchive-try2-PCD3D_SM5.ushaderbytecode for material shader code. Total 2450 unique shaders.
[2026.04.10-06.24.50:319][  0]LogShaderLibrary: Display: Cooked Context: Using Shared Shader Library try2
[2026.04.10-06.24.50:319][  0]LogRHI: Display: Opened pipeline cache after state change and enqueued 0 of 0 tasks for precompile.
[2026.04.10-06.24.50:319][  0]LogRHI: Display: Failed to open default shader pipeline cache for try2 using shader platform 0.
[2026.04.10-06.24.50:319][  0]LogRHI: Display: Failed to open default shader pipeline cache for try2 using shader platform 0.
[2026.04.10-06.24.50:319][  0]LogInit: Using OS detected language (zh-CN).
[2026.04.10-06.24.50:319][  0]LogInit: Using OS detected locale (zh-CN).
[2026.04.10-06.24.50:319][  0]LogTextLocalizationManager: No localization for 'zh-CN' exists, so 'en' will be used for the language.
[2026.04.10-06.24.50:319][  0]LogTextLocalizationManager: No localization for 'zh-CN' exists, so 'en' will be used for the locale.
[2026.04.10-06.24.50:320][  0]LogAssetRegistry: FAssetRegistry took 0.0008 seconds to start up
[2026.04.10-06.24.50:382][  0]LogTextLocalizationManager: Compacting localization data took   0.83ms
[2026.04.10-06.24.50:382][  0]LogStreaming: Display: FlushAsyncLoading: 1 QueuedPackages, 0 AsyncPackages
[2026.04.10-06.24.50:382][  0]LogPackageLocalizationCache: Processed 27 localized package path(s) for 1 prioritized culture(s) in 0.000047 seconds
[2026.04.10-06.24.50:387][  0]LogSerialization: Display: AllowBulkDataInIoStore: 'true'
[2026.04.10-06.24.50:387][  0]LogInit: Selected Device Profile: [WindowsNoEditor]
[2026.04.10-06.24.50:387][  0]LogInit: Active device profile: [000001EA9752D3C0][000001EAFFD64930 49] WindowsNoEditor
[2026.04.10-06.24.50:387][  0]LogInit: Profiles: [000001EA9752D6C0][000001EAFFD60010 49] Windows, [000001EA9752D3C0][000001EAFFD64930 49] WindowsNoEditor, 
[2026.04.10-06.24.50:473][  0]LogNetVersion: try2 1.0.0, NetCL: 17155196, EngineNetVer: 17, GameNetVer: 0 (Checksum: 3219937903)
[2026.04.10-06.24.50:537][  0]LogAudioCaptureCore: Display: No Audio Capture implementations found. Audio input will be silent.
[2026.04.10-06.24.50:537][  0]LogAudioCaptureCore: Display: No Audio Capture implementations found. Audio input will be silent.
[2026.04.10-06.24.50:537][  0]LogHMD: PokeAHoleMaterial loaded successfully
[2026.04.10-06.24.50:555][  0]LogMoviePlayer: Initializing movie player
[2026.04.10-06.24.50:555][  0]LogVaRest: FVaRestModule::StartupModule(28): VaRest (1.1.33) module started
[2026.04.10-06.24.50:576][  0]LogTemp: StartupModule: AirSim plugin
[2026.04.10-06.24.50:576][  0]LogNiagaraDebuggerClient: Niagara Debugger Client Initialized | Session: 41F4C00B4ABBB9131E748C83302E12A5 | Instance: 8E38415949352FD3FEDD76A61F9314F1 (WANZI-40684).
[2026.04.10-06.24.50:578][  0]LogAndroidPermission: UAndroidPermissionCallbackProxy::GetInstance
[2026.04.10-06.24.50:578][  0]LogOcInput: OculusInput pre-init called
[2026.04.10-06.24.50:580][  0]LogUObjectArray: 16748 objects as part of root set at end of initial load.
[2026.04.10-06.24.50:580][  0]LogUObjectArray: 2 objects are not in the root set, but can never be destroyed because they are in the DisregardForGC set.
[2026.04.10-06.24.50:580][  0]LogUObjectAllocator: 3508312 out of 0 bytes used by permanent object pool.
[2026.04.10-06.24.50:580][  0]LogUObjectArray: CloseDisregardForGC: 16748/16748 objects in disregard for GC pool
[2026.04.10-06.24.50:583][  0]LogEngine: Initializing Engine...
[2026.04.10-06.24.50:583][  0]LogVaRest: UVaRestSubsystem::Initialize(24): VaRest subsystem initialized
[2026.04.10-06.24.50:585][  0]LogHMD: Failed to enumerate extensions. Please check that you have a valid OpenXR runtime installed.
[2026.04.10-06.24.50:585][  0]LogHMD: Failed to initialize OpenVR with code 110
[2026.04.10-06.24.50:586][  0]LogStats: UGameplayTagsManager::InitializeManager -  0.000 s
[2026.04.10-06.24.50:637][  0]LogInit: Initializing FReadOnlyCVARCache
[2026.04.10-06.24.50:637][  0]LogAudio: Display: Initializing Audio Device Manager...
[2026.04.10-06.24.50:637][  0]LogAudio: Display: Loading Default Audio Settings Objects...
[2026.04.10-06.24.50:638][  0]LogAudio: Display: No default SoundConcurrencyObject specified (or failed to load).
[2026.04.10-06.24.50:638][  0]LogAudio: Display: Audio Device Manager Initialized
[2026.04.10-06.24.50:638][  0]LogAudio: Display: Creating Audio Device:                 Id: 1, Scope: Shared, Realtime: True
[2026.04.10-06.24.50:638][  0]LogAudioMixer: Display: Audio Mixer Platform Settings:
[2026.04.10-06.24.50:638][  0]LogAudioMixer: Display: 	Sample Rate:						  48000
[2026.04.10-06.24.50:638][  0]LogAudioMixer: Display: 	Callback Buffer Frame Size Requested: 1024
[2026.04.10-06.24.50:638][  0]LogAudioMixer: Display: 	Callback Buffer Frame Size To Use:	  1024
[2026.04.10-06.24.50:638][  0]LogAudioMixer: Display: 	Number of buffers to queue:			  2
[2026.04.10-06.24.50:638][  0]LogAudioMixer: Display: 	Max Channels (voices):				  32
[2026.04.10-06.24.50:638][  0]LogAudioMixer: Display: 	Number of Async Source Workers:		  0
[2026.04.10-06.24.50:638][  0]LogAudio: Display: AudioDevice MaxSources: 32
[2026.04.10-06.24.50:638][  0]LogAudio: Display: Audio Spatialization Plugin: None (built-in).
[2026.04.10-06.24.50:638][  0]LogAudio: Display: Audio Reverb Plugin: None (built-in).
[2026.04.10-06.24.50:638][  0]LogAudio: Display: Audio Occlusion Plugin: None (built-in).
[2026.04.10-06.24.50:638][  0]LogAudioMixer: Display: Initializing audio mixer.
[2026.04.10-06.24.50:647][  0]LogAudioDebug: Display: Lib vorbis DLL was dynamically loaded.
[2026.04.10-06.24.50:662][  0]LogAudioMixer: Display: 0: FrontLeft
[2026.04.10-06.24.50:662][  0]LogAudioMixer: Display: 1: FrontRight
[2026.04.10-06.24.51:734][  0]LogAudioMixer: Display: Using Audio Device Speaker (Realtek(R) Audio)
[2026.04.10-06.24.51:735][  0]LogAudioMixer: Display: Initializing Sound Submixes...
[2026.04.10-06.24.51:735][  0]LogAudioMixer: Display: Creating Master Submix 'MasterSubmixDefault'
[2026.04.10-06.24.51:735][  0]LogAudioMixer: Display: Creating Master Submix 'MasterReverbSubmixDefault'
[2026.04.10-06.24.51:736][  0]LogAudioMixer: Display: Creating Master Submix 'MasterEQSubmixDefault'
[2026.04.10-06.24.51:736][  0]LogAudioMixer: FMixerPlatformXAudio2::StartAudioStream() called
[2026.04.10-06.24.51:736][  0]LogAudioMixer: Display: Output buffers initialized: Frames=1024, Channels=2, Samples=2048
[2026.04.10-06.24.51:737][  0]LogAudioMixer: Display: Starting AudioMixerPlatformInterface::RunInternal()
[2026.04.10-06.24.51:737][  0]LogAudioMixer: Display: FMixerPlatformXAudio2::SubmitBuffer() called for the first time
[2026.04.10-06.24.51:737][  0]LogInit: FAudioDevice initialized.
[2026.04.10-06.24.51:737][  0]LogNetVersion: Set ProjectVersion to 1.0.0.0. Version Checksum will be recalculated on next use.
[2026.04.10-06.24.51:738][  0]LogInit: Texture streaming: Enabled
[2026.04.10-06.24.51:740][  0]LogAudio: Display: Audio Device (ID: 1) registered with world 'Untitled'.
[2026.04.10-06.24.51:740][  0]LogSlate: Updating window title bar state: overlay mode, drag disabled, window buttons hidden, title bar hidden
[2026.04.10-06.24.51:741][  0]LogInit: Display: Game Engine Initialized.
[2026.04.10-06.24.51:741][  0]LogInit: Display: Starting Game.
[2026.04.10-06.24.51:741][  0]LogNet: Browse: /Game/StarterContent/Maps/white?Name=Player
[2026.04.10-06.24.51:741][  0]LogLoad: LoadMap: /Game/StarterContent/Maps/white?Name=Player
[2026.04.10-06.24.51:741][  0]LogWorld: BeginTearingDown for /Temp/Untitled_0
[2026.04.10-06.24.51:742][  0]LogWorld: UWorld::CleanupWorld for Untitled, bSessionEnded=true, bCleanupResources=true
[2026.04.10-06.24.51:742][  0]LogSlate: InvalidateAllWidgets triggered.  All widgets were invalidated
[2026.04.10-06.24.51:745][  0]LogAudio: Display: Audio Device unregistered from world 'None'.
[2026.04.10-06.24.51:747][  0]LogUObjectHash: Compacting FUObjectHashTables data took   0.56ms
[2026.04.10-06.24.51:753][  0]LogAudio: Display: Audio Device (ID: 1) registered with world 'white'.
[2026.04.10-06.24.51:754][  0]LogAIModule: Creating AISystem for world white
[2026.04.10-06.24.51:754][  0]LogLoad: Game class is 'AirSimGameMode'
[2026.04.10-06.24.51:756][  0]LogWorld: Bringing World /Game/StarterContent/Maps/white.white up for play (max tick rate 0) at 2026.04.10-14.24.51
[2026.04.10-06.24.51:756][  0]LogWorld: Bringing up level for play took: 0.000931
[2026.04.10-06.24.51:779][  0]LogPackageName: SearchForPackageOnDisk took   0.020s, but failed to resolve .
[2026.04.10-06.24.51:779][  0]r.CustomDepth = "3"
[2026.04.10-06.24.51:779][  0]LogActor: Warning: BP_CameraDirector_C /Game/StarterContent/Maps/white.white:PersistentLevel.CameraDirector has natively added scene component(s), but none of them were set as the actor's RootComponent - picking one arbitrarily
[2026.04.10-06.24.51:820][  0]LogPhysics: Warning: UWorld::FindTeleportSpot called with an actor that is intersecting geometry. Failed to find new location likely due to  actor's root component not being a collider component.
[2026.04.10-06.24.51:836][  0]LogScript: Warning: Script Msg: Attempted to access index 0 from array 'CallFunc_GetAllActorsOfClass_OutActors' of length 0 in '/AirSim/Weather/WeatherFX/WeatherActor.WeatherActor_C:ExecuteUbergraph_WeatherActor'!
[2026.04.10-06.24.51:838][  0]LogTemp: SimpleFlight
[2026.04.10-06.24.51:839][  0]LogBlueprintUserMessages: [white_C_0] 截图功能已关闭！
[2026.04.10-06.24.51:843][  0]LogLoad: Took 0.101551 seconds to LoadMap(/Game/StarterContent/Maps/white)
[2026.04.10-06.24.51:844][  0]LogSlate: Took 0.000291 seconds to synchronously load lazily loaded font '../../../Engine/Content/EngineFonts/Faces/RobotoBold.ufont' (160K)
[2026.04.10-06.24.51:844][  0]LogSlate: Took 0.000257 seconds to synchronously load lazily loaded font '../../../Engine/Content/EngineFonts/Faces/RobotoRegular.ufont' (155K)
[2026.04.10-06.24.51:849][  0]LogSlate: Took 0.005098 seconds to synchronously load lazily loaded font '../../../Engine/Content/EngineFonts/Faces/DroidSansFallback.ufont' (3848K)
[2026.04.10-06.24.52:018][  0]LogSlate: Took 0.000314 seconds to synchronously load lazily loaded font '../../../Engine/Content/Slate/Fonts/Roboto-Regular.ttf' (155K)
[2026.04.10-06.24.52:024][  0]LogRenderer: Reallocating scene render targets to support 2560x1600 Format 10 NumSamples 1 (Frame:1).
[2026.04.10-06.24.52:024][  0]LogSlate: Took 0.006238 seconds to synchronously load lazily loaded font '../../../Engine/Content/Slate/Fonts/DroidSansFallback.ttf' (3848K)
[2026.04.10-06.24.52:181][  0]LogRHI: Display: ShaderPipelineCache: Paused Batching. 1
[2026.04.10-06.24.52:181][  0]LogPakFile: AllPaks IndexSizes: DirectoryHashSize=254872, PathHashSize=16, EntriesSize=40960, TotalSize=295848
[2026.04.10-06.24.52:181][  0]LogRHI: Display: ShaderPipelineCache: Resumed Batching. 0
[2026.04.10-06.24.52:181][  0]LogRHI: Display: ShaderPipelineCache: Batching Resumed.
[2026.04.10-06.24.52:181][  0]LogInit: Display: Engine is initialized. Leaving FEngineLoop::Init()
[2026.04.10-06.24.52:181][  0]LogLoad: (Engine Initialization) Total time: 3.19 seconds
[2026.04.10-06.24.52:228][  0]LogContentStreaming: Texture pool size now 1000 MB
[2026.04.10-06.24.52:230][  1]LogRenderer: Reallocating scene render targets to support 128x128 Format 10 NumSamples 1 (Frame:1).
[2026.04.10-06.24.52:457][  2]LogRenderer: Reallocating scene render targets to support 2560x1600 Format 10 NumSamples 1 (Frame:2).
[2026.04.10-06.25.04:397][361]LogTemp: lookahead = 0.750000, adaptive_lookahead = 1.000000
[2026.04.10-06.25.07:828][464]LogTemp: lookahead = 1.200000, adaptive_lookahead = 1.000000
[2026.04.10-06.25.10:428][542]LogTemp: segment 0 done: x=0.000000, y=0.000000, z=-1.945052
[2026.04.10-06.25.10:428][542]LogTemp: overshoot=0.013184
[2026.04.10-06.26.25:730][800]Closing by request
[2026.04.10-06.26.25:730][800]LogWindows: FPlatformMisc::RequestExit(0)
[2026.04.10-06.26.25:730][800]LogWindows: FPlatformMisc::RequestExitWithStatus(0, 0)
[2026.04.10-06.26.25:730][800]LogCore: Engine exit requested (reason: Win RequestExit)
[2026.04.10-06.26.25:732][801]LogCore: Engine exit requested (reason: EngineExit() was called; note: exit was already requested)
[2026.04.10-06.26.25:732][801]LogInit: Display: PreExit Game.
[2026.04.10-06.26.25:757][801]LogWorld: BeginTearingDown for /Game/StarterContent/Maps/white
[2026.04.10-06.26.25:762][801]LogWorld: UWorld::CleanupWorld for white, bSessionEnded=true, bCleanupResources=true
[2026.04.10-06.26.25:764][801]LogSlate: InvalidateAllWidgets triggered.  All widgets were invalidated
[2026.04.10-06.26.26:648][801]LogAudio: Display: Beginning Audio Device Manager Shutdown (Module: AudioMixerXAudio2)...
[2026.04.10-06.26.26:648][801]LogAudio: Display: Destroying 1 Remaining Audio Device(s)...
[2026.04.10-06.26.26:648][801]LogAudio: Display: Audio Device unregistered from world 'white'.
[2026.04.10-06.26.26:648][801]LogAudioMixer: FMixerPlatformXAudio2::StopAudioStream() called
[2026.04.10-06.26.26:648][801]LogAudioMixer: FMixerPlatformXAudio2::StopAudioStream() called
[2026.04.10-06.26.26:652][801]LogAudio: Display: Audio Device Manager Shutdown
[2026.04.10-06.26.26:652][801]LogSlate: Request Window 'try2 (64-bit Development PCD3D_SM5) ' being destroyed
[2026.04.10-06.26.26:655][801]LogSlate: Window 'try2 (64-bit Development PCD3D_SM5) ' being destroyed
[2026.04.10-06.26.26:670][801]LogWindowsTextInputMethodSystem: Display: IME system activated using TSF (搜狗拼音输入法).
[2026.04.10-06.26.26:724][801]LogExit: Preparing to exit.
[2026.04.10-06.26.26:724][801]LogMoviePlayer: Shutting down movie player
[2026.04.10-06.26.26:728][801]LogSlate: Updating window title bar state: overlay mode, drag disabled, window buttons hidden, title bar hidden
[2026.04.10-06.26.26:733][801]LogDemo: Cleaned up 0 splitscreen connections with owner deletion
[2026.04.10-06.26.26:735][801]LogExit: Game engine shut down
[2026.04.10-06.26.26:751][801]LogExit: Object subsystem successfully closed.
[2026.04.10-06.26.26:774][801]LogModuleManager: Shutting down and abandoning module AutomationController (370)
[2026.04.10-06.26.26:774][801]LogModuleManager: Shutting down and abandoning module AutomationWorker (368)
[2026.04.10-06.26.26:774][801]LogModuleManager: Shutting down and abandoning module Voice (366)
[2026.04.10-06.26.26:774][801]LogModuleManager: Shutting down and abandoning module AIModule (364)
[2026.04.10-06.26.26:775][801]LogModuleManager: Shutting down and abandoning module GameplayDebugger (363)
[2026.04.10-06.26.26:775][801]LogModuleManager: Shutting down and abandoning module NavigationSystem (361)
[2026.04.10-06.26.26:775][801]LogModuleManager: Shutting down and abandoning module WebMMediaFactory (358)
[2026.04.10-06.26.26:775][801]LogModuleManager: Shutting down and abandoning module WebMMedia (356)
[2026.04.10-06.26.26:775][801]LogModuleManager: Shutting down and abandoning module OpenXRInput (354)
[2026.04.10-06.26.26:775][801]LogModuleManager: Shutting down and abandoning module OculusMR (352)
[2026.04.10-06.26.26:775][801]LogModuleManager: Shutting down and abandoning module WmfMediaFactory (350)
[2026.04.10-06.26.26:775][801]LogModuleManager: Shutting down and abandoning module OpenExrWrapper (348)
[2026.04.10-06.26.26:775][801]LogModuleManager: Shutting down and abandoning module ImgMediaFactory (346)
[2026.04.10-06.26.26:775][801]LogModuleManager: Shutting down and abandoning module AvfMediaFactory (344)
[2026.04.10-06.26.26:775][801]LogModuleManager: Shutting down and abandoning module CharacterAI (342)
[2026.04.10-06.26.26:775][801]LogModuleManager: Shutting down and abandoning module PlanarCut (340)
[2026.04.10-06.26.26:775][801]LogModuleManager: Shutting down and abandoning module SessionServices (338)
[2026.04.10-06.26.26:775][801]LogModuleManager: Shutting down and abandoning module LiveCoding (336)
[2026.04.10-06.26.26:775][801]LogModuleManager: Shutting down and abandoning module LevelSequence (334)
[2026.04.10-06.26.26:775][801]LogModuleManager: Shutting down and abandoning module MovieSceneTracks (332)
[2026.04.10-06.26.26:775][801]LogModuleManager: Shutting down and abandoning module MovieScene (330)
[2026.04.10-06.26.26:775][801]LogModuleManager: Shutting down and abandoning module StreamingPauseRendering (328)
[2026.04.10-06.26.26:775][801]LogModuleManager: Shutting down and abandoning module AudioMixerXAudio2 (326)
[2026.04.10-06.26.26:775][801]LogModuleManager: Shutting down and abandoning module AudioMixerCore (325)
[2026.04.10-06.26.26:775][801]LogModuleManager: Shutting down and abandoning module ImageWriteQueue (322)
[2026.04.10-06.26.26:778][801]LogModuleManager: Shutting down and abandoning module ProfilerService (320)
[2026.04.10-06.26.26:780][801]LogModuleManager: Shutting down and abandoning module TaskGraph (318)
[2026.04.10-06.26.26:780][801]LogModuleManager: Shutting down and abandoning module Synthesis (316)
[2026.04.10-06.26.26:780][801]LogModuleManager: Shutting down and abandoning module TakeMovieScene (314)
[2026.04.10-06.26.26:780][801]LogModuleManager: Shutting down and abandoning module LiveLinkMovieScene (312)
[2026.04.10-06.26.26:780][801]LogModuleManager: Shutting down and abandoning module LiveLinkComponents (310)
[2026.04.10-06.26.26:780][801]LogModuleManager: Shutting down and abandoning module LiveLink (308)
[2026.04.10-06.26.27:640][801]LogModuleManager: Shutting down and abandoning module OculusInput (306)
[2026.04.10-06.26.27:640][801]LogModuleManager: Shutting down and abandoning module MobilePatchingUtils (304)
[2026.04.10-06.26.27:640][801]LogModuleManager: Shutting down and abandoning module GooglePAD (302)
[2026.04.10-06.26.27:640][801]LogModuleManager: Shutting down and abandoning module CustomMeshComponent (300)
[2026.04.10-06.26.27:640][801]LogModuleManager: Shutting down and abandoning module CableComponent (298)
[2026.04.10-06.26.27:640][801]LogModuleManager: Shutting down and abandoning module AudioCapture (296)
[2026.04.10-06.26.27:640][801]LogModuleManager: Shutting down and abandoning module AudioCaptureRtAudio (295)
[2026.04.10-06.26.27:640][801]LogModuleManager: Shutting down and abandoning module AssetTags (292)
[2026.04.10-06.26.27:640][801]LogModuleManager: Shutting down and abandoning module ArchVisCharacter (290)
[2026.04.10-06.26.27:640][801]LogModuleManager: Shutting down and abandoning module AppleImageUtils (288)
[2026.04.10-06.26.27:640][801]LogModuleManager: Shutting down and abandoning module AndroidPermission (286)
[2026.04.10-06.26.27:640][801]LogModuleManager: Shutting down and abandoning module ActorLayerUtilities (284)
[2026.04.10-06.26.27:640][801]LogModuleManager: Shutting down and abandoning module MediaCompositing (282)
[2026.04.10-06.26.27:640][801]LogModuleManager: Shutting down and abandoning module ImgMedia (280)
[2026.04.10-06.26.27:640][801]LogModuleManager: Shutting down and abandoning module MagicLeapLightEstimation (278)
[2026.04.10-06.26.27:640][801]LogModuleManager: Shutting down and abandoning module MagicLeapHelperVulkan (276)
[2026.04.10-06.26.27:640][801]LogModuleManager: Shutting down and abandoning module MagicLeapHelperOpenGL (274)
[2026.04.10-06.26.27:640][801]LogModuleManager: Shutting down and abandoning module MagicLeapAudio (272)
[2026.04.10-06.26.27:640][801]LogModuleManager: Shutting down and abandoning module MagicLeapSharedWorld (270)
[2026.04.10-06.26.27:640][801]LogModuleManager: Shutting down and abandoning module OpenImageDenoise (268)
[2026.04.10-06.26.27:640][801]LogModuleManager: Shutting down and abandoning module MotoSynth (266)
[2026.04.10-06.26.27:640][801]LogModuleManager: Shutting down and abandoning module ChaosNiagara (264)
[2026.04.10-06.26.27:640][801]LogModuleManager: Shutting down and abandoning module ProceduralMeshComponent (262)
[2026.04.10-06.26.27:640][801]LogModuleManager: Shutting down and abandoning module GeometryCollectionTracks (260)
[2026.04.10-06.26.27:640][801]LogModuleManager: Shutting down and abandoning module EditableMesh (258)
[2026.04.10-06.26.27:640][801]LogModuleManager: Shutting down and abandoning module MeshConversion (256)
[2026.04.10-06.26.27:640][801]LogModuleManager: Shutting down and abandoning module DynamicMesh (254)
[2026.04.10-06.26.27:640][801]LogModuleManager: Shutting down and abandoning module GeometryAlgorithms (252)
[2026.04.10-06.26.27:640][801]LogModuleManager: Shutting down and abandoning module GeometricObjects (250)
[2026.04.10-06.26.27:640][801]LogModuleManager: Shutting down and abandoning module BackChannel (248)
[2026.04.10-06.26.27:640][801]LogModuleManager: Shutting down and abandoning module AutomationUtils (246)
[2026.04.10-06.26.27:640][801]LogModuleManager: Shutting down and abandoning module GeometryCacheTracks (244)
[2026.04.10-06.26.27:640][801]LogModuleManager: Shutting down and abandoning module GeometryCache (242)
[2026.04.10-06.26.27:640][801]LogModuleManager: Shutting down and abandoning module UObjectPlugin (240)
[2026.04.10-06.26.27:640][801]LogModuleManager: Shutting down and abandoning module OodleNetworkHandlerComponent (238)
[2026.04.10-06.26.27:640][801]LogModuleManager: Shutting down and abandoning module TemplateSequence (236)
[2026.04.10-06.26.27:640][801]LogModuleManager: Shutting down and abandoning module NativizedAssets (234)
[2026.04.10-06.26.27:640][801]LogModuleManager: Shutting down and abandoning module try2 (232)
[2026.04.10-06.26.27:640][801]LogModuleManager: Shutting down and abandoning module AudioSynesthesia (230)
[2026.04.10-06.26.27:640][801]LogModuleManager: Shutting down and abandoning module AudioSynesthesiaCore (228)
[2026.04.10-06.26.27:640][801]LogModuleManager: Shutting down and abandoning module SoundFields (226)
[2026.04.10-06.26.27:640][801]LogModuleManager: Shutting down and abandoning module RuntimePhysXCooking (224)
[2026.04.10-06.26.27:640][801]LogModuleManager: Shutting down and abandoning module LocationServicesBPLibrary (222)
[2026.04.10-06.26.27:640][801]LogModuleManager: Shutting down and abandoning module ActorSequence (220)
[2026.04.10-06.26.27:640][801]LogModuleManager: Shutting down and abandoning module UdpMessaging (218)
[2026.04.10-06.26.27:640][801]LogModuleManager: Shutting down and abandoning module TcpMessaging (216)
[2026.04.10-06.26.27:640][801]LogModuleManager: Shutting down and abandoning module ImgMediaEngine (214)
[2026.04.10-06.26.27:640][801]LogModuleManager: Shutting down and abandoning module MagicLeapHandMeshing (212)
[2026.04.10-06.26.27:640][801]LogModuleManager: Shutting down and abandoning module MagicLeapSecureStorage (210)
[2026.04.10-06.26.27:640][801]LogModuleManager: Shutting down and abandoning module MagicLeapPrivileges (208)
[2026.04.10-06.26.27:640][801]LogModuleManager: Shutting down and abandoning module MagicLeapPlanes (206)
[2026.04.10-06.26.27:640][801]LogModuleManager: Shutting down and abandoning module MagicLeapImageTracker (204)
[2026.04.10-06.26.27:641][801]LogModuleManager: Shutting down and abandoning module MagicLeapIdentity (202)
[2026.04.10-06.26.27:641][801]LogModuleManager: Shutting down and abandoning module MagicLeapHandTracking (200)
[2026.04.10-06.26.27:641][801]LogModuleManager: Shutting down and abandoning module MagicLeapEyeTracker (198)
[2026.04.10-06.26.27:641][801]LogModuleManager: Shutting down and abandoning module MagicLeapController (196)
[2026.04.10-06.26.27:641][801]LogModuleManager: Shutting down and abandoning module MagicLeapARPinImpl (194)
[2026.04.10-06.26.27:641][801]LogModuleManager: Shutting down and abandoning module MagicLeapAR (192)
[2026.04.10-06.26.27:641][801]LogModuleManager: Shutting down and abandoning module MagicLeapARPin (190)
[2026.04.10-06.26.27:641][801]LogModuleManager: Shutting down and abandoning module NiagaraAnimNotifies (188)
[2026.04.10-06.26.27:641][801]LogModuleManager: Shutting down and abandoning module Niagara (186)
[2026.04.10-06.26.27:641][801]LogModuleManager: Shutting down and abandoning module SignalProcessing (185)
[2026.04.10-06.26.27:641][801]LogModuleManager: Shutting down and abandoning module NiagaraCore (182)
[2026.04.10-06.26.27:641][801]LogModuleManager: Shutting down and abandoning module FacialAnimation (180)
[2026.04.10-06.26.27:641][801]LogModuleManager: Shutting down and abandoning module SignificanceManager (178)
[2026.04.10-06.26.27:641][801]LogModuleManager: Shutting down and abandoning module AnimationSharing (176)
[2026.04.10-06.26.27:641][801]LogModuleManager: Shutting down and abandoning module GameplayCameras (174)
[2026.04.10-06.26.27:641][801]LogModuleManager: Shutting down and abandoning module LightPropagationVolumeRuntime (172)
[2026.04.10-06.26.27:641][801]LogModuleManager: Shutting down and abandoning module Paper2D (170)
[2026.04.10-06.26.27:641][801]LogModuleManager: Shutting down and abandoning module AirSim (166)
[2026.04.10-06.26.27:641][801]LogModuleManager: Shutting down and abandoning module ApexDestruction (164)
[2026.04.10-06.26.27:641][801]LogModuleManager: Shutting down and abandoning module VictoryBPLibrary (162)
[2026.04.10-06.26.27:641][801]LogModuleManager: Shutting down and abandoning module VaRest (160)
[2026.04.10-06.26.27:641][801]LogModuleManager: Shutting down and abandoning module WindowsMoviePlayer (158)
[2026.04.10-06.26.27:641][801]LogModuleManager: Shutting down and abandoning module WebMMoviePlayer (156)
[2026.04.10-06.26.27:641][801]LogModuleManager: Shutting down and abandoning module NetworkReplayStreaming (154)
[2026.04.10-06.26.27:641][801]LogModuleManager: Shutting down and abandoning module PacketHandler (152)
[2026.04.10-06.26.27:641][801]LogModuleManager: Shutting down and abandoning module ClothingSystemRuntimeNv (150)
[2026.04.10-06.26.27:641][801]LogModuleManager: Shutting down and abandoning module MediaAssets (148)
[2026.04.10-06.26.27:641][801]LogModuleManager: Shutting down and abandoning module Overlay (146)
[2026.04.10-06.26.27:641][801]LogModuleManager: Shutting down and abandoning module FunctionalTesting (144)
[2026.04.10-06.26.27:641][801]LogModuleManager: Shutting down and abandoning module MessageLog (142)
[2026.04.10-06.26.27:641][801]LogModuleManager: Shutting down and abandoning module UMG (140)
[2026.04.10-06.26.27:641][801]LogModuleManager: Shutting down and abandoning module SlateReflector (138)
[2026.04.10-06.26.27:641][801]LogModuleManager: Shutting down and abandoning module Slate (136)
[2026.04.10-06.26.27:641][801]LogModuleManager: Shutting down and abandoning module SlateCore (134)
[2026.04.10-06.26.27:642][801]LogModuleManager: Shutting down and abandoning module MRMesh (132)
[2026.04.10-06.26.27:642][801]LogModuleManager: Shutting down and abandoning module Messaging (130)
[2026.04.10-06.26.27:642][801]LogModuleManager: Shutting down and abandoning module HeadMountedDisplay (128)
[2026.04.10-06.26.27:642][801]LogModuleManager: Shutting down and abandoning module XAudio2 (126)
[2026.04.10-06.26.27:642][801]LogModuleManager: Shutting down and abandoning module Networking (124)
[2026.04.10-06.26.27:642][801]LogModuleManager: Shutting down and abandoning module Core (122)
[2026.04.10-06.26.27:642][801]LogModuleManager: Shutting down and abandoning module FieldSystemEngine (120)
[2026.04.10-06.26.27:642][801]LogModuleManager: Shutting down and abandoning module ImageWrapper (116)
[2026.04.10-06.26.27:642][801]LogModuleManager: Shutting down and abandoning module D3D11RHI (114)
[2026.04.10-06.26.27:642][801]LogModuleManager: Shutting down and abandoning module InputCore (112)
[2026.04.10-06.26.27:642][801]LogModuleManager: Shutting down and abandoning module Settings (110)
[2026.04.10-06.26.27:642][801]LogModuleManager: Shutting down and abandoning module PhysXCooking (108)
[2026.04.10-06.26.27:642][801]LogModuleManager: Shutting down and abandoning module Chaos (106)
[2026.04.10-06.26.27:642][801]LogModuleManager: Shutting down and abandoning module WindowsPlatformFeatures (104)
[2026.04.10-06.26.27:642][801]LogModuleManager: Shutting down and abandoning module GameplayMediaEncoder (103)
[2026.04.10-06.26.27:642][801]LogModuleManager: Shutting down and abandoning module AVEncoder (102)
[2026.04.10-06.26.27:642][801]LogModuleManager: Shutting down and abandoning module SteamVRInputDevice (98)
[2026.04.10-06.26.27:642][801]LogModuleManager: Shutting down and abandoning module SteamVRInput (96)
[2026.04.10-06.26.27:642][801]LogModuleManager: Shutting down and abandoning module SteamVR (94)
[2026.04.10-06.26.27:642][801]LogHMD: Freeing OpenVRDLLHandle.
[2026.04.10-06.26.27:642][801]LogModuleManager: Shutting down and abandoning module OpenXRHandTracking (92)
[2026.04.10-06.26.27:642][801]LogSlate: Slate User Destroyed.  User Index 0, Is Virtual User: 0
[2026.04.10-06.26.27:642][801]LogModuleManager: Shutting down and abandoning module OpenXRAR (90)
[2026.04.10-06.26.27:642][801]LogModuleManager: Shutting down and abandoning module AugmentedReality (89)
[2026.04.10-06.26.27:642][801]LogModuleManager: Shutting down and abandoning module OpenXRHMD (86)
[2026.04.10-06.26.27:642][801]LogModuleManager: Shutting down and abandoning module OpenXREyeTracker (84)
[2026.04.10-06.26.27:642][801]LogModuleManager: Shutting down and abandoning module OculusHMD (82)
[2026.04.10-06.26.27:642][801]LogModuleManager: Shutting down and abandoning module ExampleDeviceProfileSelector (80)
[2026.04.10-06.26.27:642][801]LogModuleManager: Shutting down and abandoning module ChunkDownloader (78)
[2026.04.10-06.26.27:642][801]LogModuleManager: Shutting down and abandoning module LauncherChunkInstaller (76)
[2026.04.10-06.26.27:642][801]LogModuleManager: Shutting down and abandoning module OnlineSubsystem (72)
[2026.04.10-06.26.27:643][801]LogModuleManager: Shutting down and abandoning module HTTP (67)
[2026.04.10-06.26.27:643][801]LogHttp: Display: cleaning up 0 outstanding Http requests.
[2026.04.10-06.26.27:676][801]LogModuleManager: Shutting down and abandoning module SSL (66)
[2026.04.10-06.26.27:676][801]LogModuleManager: Shutting down and abandoning module WmfMedia (62)
[2026.04.10-06.26.27:677][801]LogModuleManager: Shutting down and abandoning module Media (61)
[2026.04.10-06.26.27:677][801]LogModuleManager: Shutting down and abandoning module MediaInfo (60)
[2026.04.10-06.26.27:677][801]LogModuleManager: Shutting down and abandoning module ExrReaderGpu (56)
[2026.04.10-06.26.27:677][801]LogModuleManager: Shutting down and abandoning module MLSDK (54)
[2026.04.10-06.26.27:677][801]LogModuleManager: Shutting down and abandoning module MagicLeap (52)
[2026.04.10-06.26.27:677][801]LogModuleManager: Shutting down and abandoning module NiagaraVertexFactories (50)
[2026.04.10-06.26.27:677][801]LogModuleManager: Shutting down and abandoning module NiagaraShader (48)
[2026.04.10-06.26.27:677][801]LogModuleManager: Shutting down and abandoning module ChaosCloth (46)
[2026.04.10-06.26.27:677][801]LogModuleManager: Shutting down and abandoning module VariantManagerContent (44)
[2026.04.10-06.26.27:677][801]LogModuleManager: Shutting down and abandoning module DatasmithContent (42)
[2026.04.10-06.26.27:677][801]LogModuleManager: Shutting down and abandoning module PixWinPlugin (40)
[2026.04.10-06.26.27:677][801]LogModuleManager: Shutting down and abandoning module AISupportModule (38)
[2026.04.10-06.26.27:677][801]LogModuleManager: Shutting down and abandoning module PlatformCryptoOpenSSL (36)
[2026.04.10-06.26.27:677][801]LogModuleManager: Shutting down and abandoning module PlatformCryptoTypes (34)
[2026.04.10-06.26.27:677][801]LogModuleManager: Shutting down and abandoning module PlatformCrypto (32)
[2026.04.10-06.26.27:677][801]LogModuleManager: Shutting down and abandoning module PythonScriptPluginPreload (30)
[2026.04.10-06.26.27:677][801]LogModuleManager: Shutting down and abandoning module OodleDataCompressionFormat (28)
[2026.04.10-06.26.27:678][801]LogModuleManager: Shutting down and abandoning module RenderCore (26)
[2026.04.10-06.26.27:678][801]LogModuleManager: Shutting down and abandoning module Landscape (24)
[2026.04.10-06.26.27:678][801]LogModuleManager: Shutting down and abandoning module SlateRHIRenderer (22)
[2026.04.10-06.26.27:678][801]LogModuleManager: Shutting down and abandoning module AnimGraphRuntime (20)
[2026.04.10-06.26.27:678][801]LogModuleManager: Shutting down and abandoning module Renderer (18)
[2026.04.10-06.26.27:678][801]LogModuleManager: Shutting down and abandoning module Engine (16)
[2026.04.10-06.26.27:678][801]LogModuleManager: Shutting down and abandoning module CoreUObject (14)
[2026.04.10-06.26.27:678][801]LogModuleManager: Shutting down and abandoning module NetworkFile (12)
[2026.04.10-06.26.27:678][801]LogModuleManager: Shutting down and abandoning module CookedIterativeFile (10)
[2026.04.10-06.26.27:678][801]LogModuleManager: Shutting down and abandoning module StreamingFile (8)
[2026.04.10-06.26.27:678][801]LogModuleManager: Shutting down and abandoning module SandboxFile (6)
[2026.04.10-06.26.27:678][801]LogModuleManager: Shutting down and abandoning module PakFile (4)
[2026.04.10-06.26.27:681][801]LogModuleManager: Shutting down and abandoning module RSA (3)
[2026.04.10-06.26.27:681][801]LogContentStreaming: Display: There are 1 unreleased StreamingManagers
[2026.04.10-06.26.27:689][801]LogD3D11RHI: Shutdown
[2026.04.10-06.26.27:689][801]LogD3D11RHI: CleanupD3DDevice
[2026.04.10-06.26.27:690][801]LogExit: Exiting.
[2026.04.10-06.26.27:700][801]Log file closed, 04/10/26 14:26:27
